#
# There is insufficient memory for the Java Runtime Environment to continue.
# Native memory allocation (malloc) failed to allocate 173200 bytes. Error detail: Chunk::new
# Possible reasons:
#   The system is out of physical RAM or swap space
#   This process is running with CompressedOops enabled, and the Java Heap may be blocking the growth of the native heap
# Possible solutions:
#   Reduce memory load on the system
#   Increase physical memory or swap space
#   Check if swap backing store is full
#   Decrease Java heap size (-Xmx/-Xms)
#   Decrease number of Java threads
#   Decrease Java thread stack sizes (-Xss)
#   Set larger code cache with -XX:ReservedCodeCacheSize=
#   JVM is running with Unscaled Compressed Oops mode in which the Java heap is
#     placed in the first 4GB address space. The Java Heap base address is the
#     maximum limit for the native heap growth. Please use -XX:HeapBaseMinAddress
#     to set the Java Heap base and to place the Java Heap above 4GB virtual address.
# This output file may be truncated or incomplete.
#
#  Out of Memory Error (arena.cpp:168), pid=24848, tid=18080
#
# JRE version: OpenJDK Runtime Environment Temurin-21.0.10+7 (21.0.10+7) (build 21.0.10+7-LTS)
# Java VM: OpenJDK 64-Bit Server VM Temurin-21.0.10+7 (21.0.10+7-LTS, mixed mode, sharing, tiered, compressed oops, compressed class ptrs, parallel gc, windows-amd64)
# No core dump will be written. Minidumps are not enabled by default on client versions of Windows
#

---------------  S U M M A R Y ------------

Command Line: --add-modules=ALL-SYSTEM --add-opens=java.base/java.util=ALL-UNNAMED --add-opens=java.base/java.lang=ALL-UNNAMED --add-opens=java.base/sun.nio.fs=ALL-UNNAMED -Declipse.application=org.eclipse.jdt.ls.core.id1 -Dosgi.bundles.defaultStartLevel=4 -Declipse.product=org.eclipse.jdt.ls.core.product -Djava.import.generatesMetadataFilesAtProjectRoot=false -DDetectVMInstallationsJob.disabled=true -Dfile.encoding=utf8 -XX:+UseParallelGC -XX:GCTimeRatio=4 -XX:AdaptiveSizePolicyWeight=90 -Dsun.zip.disableMemoryMapping=true -Xmx2G -Xms100m -Xlog:disable -javaagent:c:\Users\Usuario\.vscode\extensions\redhat.java-1.54.0-win32-x64\lombok\lombok-1.18.39-4050.jar c:\Users\Usuario\.vscode\extensions\redhat.java-1.54.0-win32-x64\server\plugins\org.eclipse.equinox.launcher_1.7.100.v20251111-0406.jar -configuration c:\Users\Usuario\AppData\Roaming\Code\User\globalStorage\redhat.java\1.54.0\config_ss_win -data c:\Users\Usuario\AppData\Roaming\Code\User\workspaceStorage\e9bfd40476b159c0453933f2d2e6fc5e\redhat.java\ss_ws --pipe=\\.\pipe\lsp-1f16a3764495af28371b36afcc31c800-sock

Host: Intel(R) Core(TM) i5-9400F CPU @ 2.90GHz, 6 cores, 15G,  Windows 10 , 64 bit Build 19041 (10.0.19041.5915)
Time: Sun Apr 19 23:23:20 2026 Hora est. Pac璗ico, Sudam廨ica elapsed time: 8.168136 seconds (0d 0h 0m 8s)

---------------  T H R E A D  ---------------

Current thread (0x000001993a696f60):  JavaThread "C2 CompilerThread0" daemon [_thread_in_native, id=18080, stack(0x000000683a600000,0x000000683a700000) (1024K)]


Current CompileTask:
C2:8168 2175       4       org.eclipse.osgi.container.ModuleCapability::getAttributes (39 bytes)

Stack: [0x000000683a600000,0x000000683a700000]
Native frames: (J=compiled Java code, j=interpreted, Vv=VM code, C=native code)
V  [jvm.dll+0x6d7a39]
V  [jvm.dll+0x8b4b26]
V  [jvm.dll+0x8b70de]
V  [jvm.dll+0x8b77c3]
V  [jvm.dll+0x284346]
V  [jvm.dll+0xc66ed]
V  [jvm.dll+0xc6c31]
V  [jvm.dll+0x3bec3b]
V  [jvm.dll+0x38b162]
V  [jvm.dll+0x38a5aa]
V  [jvm.dll+0x24c560]
V  [jvm.dll+0x24bb40]
V  [jvm.dll+0x1cb34e]
V  [jvm.dll+0x25b85d]
V  [jvm.dll+0x259dea]
V  [jvm.dll+0x3f857e]
V  [jvm.dll+0x85f59d]
V  [jvm.dll+0x6d626d]
C  [ucrtbase.dll+0x21bb2]
C  [KERNEL32.DLL+0x17374]
C  [ntdll.dll+0x4cc91]


---------------  P R O C E S S  ---------------

Threads class SMR info:
_java_thread_list=0x000001997d2004d0, length=22, elements={
0x0000019923f12e90, 0x000001993a68d1c0, 0x000001993a68e810, 0x000001993a691e70,
0x000001993a694c60, 0x000001993a6956c0, 0x000001993a696120, 0x000001993a696f60,
0x000001993a6a25d0, 0x000001997cc3d4c0, 0x000001997cc8e700, 0x000001997d3aeee0,
0x000001997d3af550, 0x000001997d66af20, 0x000001997d66d9b0, 0x000001997d66e020,
0x000001997d66e690, 0x000001997d4a63a0, 0x000001997d3518c0, 0x000001997d351f50,
0x000001997d3525e0, 0x000001997d520420
}

Java Threads: ( => current thread )
  0x0000019923f12e90 JavaThread "main"                              [_thread_blocked, id=28424, stack(0x0000006839c00000,0x0000006839d00000) (1024K)]
  0x000001993a68d1c0 JavaThread "Reference Handler"          daemon [_thread_blocked, id=28452, stack(0x000000683a000000,0x000000683a100000) (1024K)]
  0x000001993a68e810 JavaThread "Finalizer"                  daemon [_thread_blocked, id=25692, stack(0x000000683a100000,0x000000683a200000) (1024K)]
  0x000001993a691e70 JavaThread "Signal Dispatcher"          daemon [_thread_blocked, id=27012, stack(0x000000683a200000,0x000000683a300000) (1024K)]
  0x000001993a694c60 JavaThread "Attach Listener"            daemon [_thread_blocked, id=480, stack(0x000000683a300000,0x000000683a400000) (1024K)]
  0x000001993a6956c0 JavaThread "Service Thread"             daemon [_thread_blocked, id=11996, stack(0x000000683a400000,0x000000683a500000) (1024K)]
  0x000001993a696120 JavaThread "Monitor Deflation Thread"   daemon [_thread_blocked, id=19712, stack(0x000000683a500000,0x000000683a600000) (1024K)]
=>0x000001993a696f60 JavaThread "C2 CompilerThread0"         daemon [_thread_in_native, id=18080, stack(0x000000683a600000,0x000000683a700000) (1024K)]
  0x000001993a6a25d0 JavaThread "C1 CompilerThread0"         daemon [_thread_in_native, id=19828, stack(0x000000683a700000,0x000000683a800000) (1024K)]
  0x000001997cc3d4c0 JavaThread "Common-Cleaner"             daemon [_thread_blocked, id=28296, stack(0x000000683a900000,0x000000683aa00000) (1024K)]
  0x000001997cc8e700 JavaThread "Notification Thread"        daemon [_thread_blocked, id=28304, stack(0x000000683aa00000,0x000000683ab00000) (1024K)]
  0x000001997d3aeee0 JavaThread "Equinox resolver thread - Equinox Container: b5e36bc5-87bb-44ce-9a61-d5fc8bdd84cf" daemon [_thread_blocked, id=27696, stack(0x000000683b000000,0x000000683b100000) (1024K)]
  0x000001997d3af550 JavaThread "Equinox resolver thread - Equinox Container: b5e36bc5-87bb-44ce-9a61-d5fc8bdd84cf" daemon [_thread_in_native, id=22676, stack(0x000000683b100000,0x000000683b200000) (1024K)]
  0x000001997d66af20 JavaThread "Equinox resolver thread - Equinox Container: b5e36bc5-87bb-44ce-9a61-d5fc8bdd84cf" daemon [_thread_in_Java, id=28104, stack(0x000000683b200000,0x000000683b300000) (1024K)]
  0x000001997d66d9b0 JavaThread "Equinox resolver thread - Equinox Container: b5e36bc5-87bb-44ce-9a61-d5fc8bdd84cf" daemon [_thread_blocked, id=26712, stack(0x000000683b300000,0x000000683b400000) (1024K)]
  0x000001997d66e020 JavaThread "Equinox resolver thread - Equinox Container: b5e36bc5-87bb-44ce-9a61-d5fc8bdd84cf" daemon [_thread_blocked, id=1520, stack(0x000000683b400000,0x000000683b500000) (1024K)]
  0x000001997d66e690 JavaThread "Equinox resolver thread - Equinox Container: b5e36bc5-87bb-44ce-9a61-d5fc8bdd84cf" daemon [_thread_in_vm, id=21428, stack(0x000000683b500000,0x000000683b600000) (1024K)]
  0x000001997d4a63a0 JavaThread "Active Thread: Equinox Container: b5e36bc5-87bb-44ce-9a61-d5fc8bdd84cf"        [_thread_blocked, id=18368, stack(0x000000683b600000,0x000000683b700000) (1024K)]
  0x000001997d3518c0 JavaThread "Framework Event Dispatcher: Equinox Container: b5e36bc5-87bb-44ce-9a61-d5fc8bdd84cf" daemon [_thread_blocked, id=15228, stack(0x000000683a800000,0x000000683a900000) (1024K)]
  0x000001997d351f50 JavaThread "Start Level: Equinox Container: b5e36bc5-87bb-44ce-9a61-d5fc8bdd84cf" daemon [_thread_blocked, id=23104, stack(0x000000683b700000,0x000000683b800000) (1024K)]
  0x000001997d3525e0 JavaThread "Refresh Thread: Equinox Container: b5e36bc5-87bb-44ce-9a61-d5fc8bdd84cf" daemon [_thread_in_Java, id=13976, stack(0x000000683b900000,0x000000683ba00000) (1024K)]
  0x000001997d520420 JavaThread "C2 CompilerThread1"         daemon [_thread_in_native, id=21024, stack(0x000000683b800000,0x000000683b900000) (1024K)]
Total: 22

Other Threads:
  0x0000019923fd1ab0 VMThread "VM Thread"                           [id=28084, stack(0x0000006839f00000,0x000000683a000000) (1024K)]
  0x000001993a5fc3e0 WatcherThread "VM Periodic Task Thread"        [id=27268, stack(0x0000006839e00000,0x0000006839f00000) (1024K)]
  0x0000019923f2f980 WorkerThread "GC Thread#0"                     [id=19184, stack(0x0000006839d00000,0x0000006839e00000) (1024K)]
  0x000001997ced6d10 WorkerThread "GC Thread#1"                     [id=26604, stack(0x000000683ab00000,0x000000683ac00000) (1024K)]
  0x000001997ced70c0 WorkerThread "GC Thread#2"                     [id=26084, stack(0x000000683ac00000,0x000000683ad00000) (1024K)]
  0x000001997ced7470 WorkerThread "GC Thread#3"                     [id=17056, stack(0x000000683ad00000,0x000000683ae00000) (1024K)]
  0x000001997ced7820 WorkerThread "GC Thread#4"                     [id=22992, stack(0x000000683ae00000,0x000000683af00000) (1024K)]
  0x000001997ced7bd0 WorkerThread "GC Thread#5"                     [id=20996, stack(0x000000683af00000,0x000000683b000000) (1024K)]
Total: 8

Threads with active compile tasks:
C2 CompilerThread0  8187 2175       4       org.eclipse.osgi.container.ModuleCapability::getAttributes (39 bytes)
C1 CompilerThread0  8187 2300   !   3       java.util.concurrent.LinkedTransferQueue$DualNode::await (249 bytes)
C2 CompilerThread1  8187 2290       4       org.apache.felix.resolver.util.OpenHashMap::getOrCompute (253 bytes)
Total: 3

VM state: not at safepoint (normal execution)

VM Mutex/Monitor currently owned by a thread: None

Heap address: 0x0000000080000000, size: 2048 MB, Compressed Oops mode: 32-bit

CDS archive(s) mapped at: [0x000001993b000000-0x000001993bba0000-0x000001993bba0000), size 12189696, SharedBaseAddress: 0x000001993b000000, ArchiveRelocationMode: 1.
Compressed class space mapped at: 0x000001993c000000-0x000001997c000000, reserved size: 1073741824
Narrow klass base: 0x000001993b000000, Narrow klass shift: 0, Narrow klass range: 0x100000000

GC Precious Log:
 CardTable entry size: 512
 CPUs: 6 total, 6 available
 Memory: 16319M
 Large Page Support: Disabled
 NUMA Support: Disabled
 Compressed Oops: Enabled (32-bit)
 Alignments: Space 512K, Generation 512K, Heap 2M
 Heap Min Capacity: 100M
 Heap Initial Capacity: 100M
 Heap Max Capacity: 2G
 Pre-touch: Disabled
 Parallel Workers: 6

Heap:
 PSYoungGen      total 29696K, used 27900K [0x00000000d5580000, 0x00000000d7680000, 0x0000000100000000)
  eden space 25600K, 93% used [0x00000000d5580000,0x00000000d6cc1108,0x00000000d6e80000)
  from space 4096K, 99% used [0x00000000d7280000,0x00000000d767e2e0,0x00000000d7680000)
  to   space 4096K, 0% used [0x00000000d6e80000,0x00000000d6e80000,0x00000000d7280000)
 ParOldGen       total 68608K, used 297K [0x0000000080000000, 0x0000000084300000, 0x00000000d5580000)
  object space 68608K, 0% used [0x0000000080000000,0x000000008004a688,0x0000000084300000)
 Metaspace       used 8873K, committed 9216K, reserved 1114112K
  class space    used 920K, committed 1088K, reserved 1048576K

Card table byte_map: [0x00000199237d0000,0x0000019923be0000] _byte_map_base: 0x00000199233d0000

Marking Bits: (ParMarkBitMap*) 0x00007ffb78bb3450
 Begin Bits: [0x0000019936120000, 0x0000019938120000)
 End Bits:   [0x0000019938120000, 0x000001993a120000)

Polling page: 0x0000019921be0000

Metaspace:

Usage:
  Non-class:      7.77 MB used.
      Class:    920.89 KB used.
       Both:      8.67 MB used.

Virtual space:
  Non-class space:       64.00 MB reserved,       7.94 MB ( 12%) committed,  1 nodes.
      Class space:        1.00 GB reserved,       1.06 MB ( <1%) committed,  1 nodes.
             Both:        1.06 GB reserved,       9.00 MB ( <1%) committed. 

Chunk freelists:
   Non-Class:  7.83 MB
       Class:  14.84 MB
        Both:  22.67 MB

MaxMetaspaceSize: unlimited
CompressedClassSpaceSize: 1.00 GB
Initial GC threshold: 21.00 MB
Current GC threshold: 21.00 MB
CDS: on
 - commit_granule_bytes: 65536.
 - commit_granule_words: 8192.
 - virtual_space_node_default_size: 8388608.
 - enlarge_chunks_in_place: 1.
 - use_allocation_guard: 0.


Internal statistics:

num_allocs_failed_limit: 0.
num_arena_births: 228.
num_arena_deaths: 0.
num_vsnodes_births: 2.
num_vsnodes_deaths: 0.
num_space_committed: 144.
num_space_uncommitted: 0.
num_chunks_returned_to_freelist: 0.
num_chunks_taken_from_freelist: 442.
num_chunk_merges: 0.
num_chunk_splits: 285.
num_chunks_enlarged: 194.
num_inconsistent_stats: 0.

CodeHeap 'non-profiled nmethods': size=120000Kb used=955Kb max_used=955Kb free=119044Kb
 bounds [0x000001992ebf0000, 0x000001992ee60000, 0x0000019936120000]
CodeHeap 'profiled nmethods': size=120000Kb used=4364Kb max_used=4364Kb free=115635Kb
 bounds [0x0000019927120000, 0x0000019927570000, 0x000001992e650000]
CodeHeap 'non-nmethods': size=5760Kb used=1209Kb max_used=1256Kb free=4550Kb
 bounds [0x000001992e650000, 0x000001992e8c0000, 0x000001992ebf0000]
CodeCache: size=245760Kb, used=6528Kb, max_used=6575Kb, free=239229Kb
 total_blobs=2769, nmethods=2293, adapters=383, full_count=0
Compilation: enabled, stopped_count=0, restarted_count=0

Compilation events (20 events):
Event: 8.165 Thread 0x000001993a6a25d0 2200       3       java.util.stream.ReduceOps$ReduceOp::<init> (10 bytes)
Event: 8.165 Thread 0x000001993a6a25d0 nmethod 2200 0x000001992752b810 code [0x000001992752b9c0, 0x000001992752bb48]
Event: 8.165 Thread 0x000001993a6a25d0 2201       3       java.util.stream.ReduceOps$ReduceOp::evaluateSequential (18 bytes)
Event: 8.166 Thread 0x000001993a6a25d0 nmethod 2201 0x000001992752bc10 code [0x000001992752be00, 0x000001992752c280]
Event: 8.166 Thread 0x000001993a6a25d0 2202       3       java.util.ArrayList::spliterator (12 bytes)
Event: 8.166 Thread 0x000001997d520420 2204       4       java.util.ArrayList::<init> (12 bytes)
Event: 8.166 Thread 0x000001993a6a25d0 nmethod 2202 0x000001992752c390 code [0x000001992752c540, 0x000001992752c790]
Event: 8.166 Thread 0x000001993a6a25d0 2205       3       java.util.Collection::stream (11 bytes)
Event: 8.166 Thread 0x000001997d520420 nmethod 2204 0x000001992ecda590 code [0x000001992ecda720, 0x000001992ecda7c8]
Event: 8.166 Thread 0x000001993a6a25d0 nmethod 2205 0x000001992752c890 code [0x000001992752ca40, 0x000001992752cc40]
Event: 8.166 Thread 0x000001993a6a25d0 2203       3       java.util.ArrayList$ArrayListSpliterator::<init> (26 bytes)
Event: 8.166 Thread 0x000001993a6a25d0 nmethod 2203 0x000001992752cd10 code [0x000001992752cec0, 0x000001992752d050]
Event: 8.166 Thread 0x000001993a6a25d0 2206       3       java.util.stream.AbstractPipeline::sourceSpliterator (265 bytes)
Event: 8.167 Thread 0x000001997d520420 2213       4       java.util.stream.AbstractPipeline::isParallel (8 bytes)
Event: 8.167 Thread 0x000001993a6a25d0 nmethod 2206 0x000001992752d110 code [0x000001992752d3a0, 0x000001992752e230]
Event: 8.167 Thread 0x000001993a6a25d0 2207       3       java.util.stream.AbstractPipeline::wrapSink (37 bytes)
Event: 8.167 Thread 0x000001997d520420 nmethod 2213 0x000001992ecda890 code [0x000001992ecdaa20, 0x000001992ecdaac8]
Event: 8.167 Thread 0x000001997d520420 2214       4       org.apache.felix.resolver.util.OpenHashMap$MapIterator::hasNext (12 bytes)
Event: 8.167 Thread 0x000001993a6a25d0 nmethod 2207 0x000001992752e790 code [0x000001992752e960, 0x000001992752ed60]
Event: 8.167 Thread 0x000001993a6a25d0 2208       3       java.util.stream.AbstractPipeline::wrapAndCopyInto (18 bytes)

GC Heap History (4 events):
Event: 1.418 GC heap before
{Heap before GC invocations=1 (full 0):
 PSYoungGen      total 29696K, used 25600K [0x00000000d5580000, 0x00000000d7680000, 0x0000000100000000)
  eden space 25600K, 100% used [0x00000000d5580000,0x00000000d6e80000,0x00000000d6e80000)
  from space 4096K, 0% used [0x00000000d7280000,0x00000000d7280000,0x00000000d7680000)
  to   space 4096K, 0% used [0x00000000d6e80000,0x00000000d6e80000,0x00000000d7280000)
 ParOldGen       total 68608K, used 0K [0x0000000080000000, 0x0000000084300000, 0x00000000d5580000)
  object space 68608K, 0% used [0x0000000080000000,0x0000000080000000,0x0000000084300000)
 Metaspace       used 4523K, committed 4800K, reserved 1114112K
  class space    used 494K, committed 576K, reserved 1048576K
}
Event: 1.426 GC heap after
{Heap after GC invocations=1 (full 0):
 PSYoungGen      total 29696K, used 3303K [0x00000000d5580000, 0x00000000d7680000, 0x0000000100000000)
  eden space 25600K, 0% used [0x00000000d5580000,0x00000000d5580000,0x00000000d6e80000)
  from space 4096K, 80% used [0x00000000d6e80000,0x00000000d71b9e98,0x00000000d7280000)
  to   space 4096K, 0% used [0x00000000d7280000,0x00000000d7280000,0x00000000d7680000)
 ParOldGen       total 68608K, used 8K [0x0000000080000000, 0x0000000084300000, 0x00000000d5580000)
  object space 68608K, 0% used [0x0000000080000000,0x0000000080002000,0x0000000084300000)
 Metaspace       used 4523K, committed 4800K, reserved 1114112K
  class space    used 494K, committed 576K, reserved 1048576K
}
Event: 7.629 GC heap before
{Heap before GC invocations=2 (full 0):
 PSYoungGen      total 29696K, used 28903K [0x00000000d5580000, 0x00000000d7680000, 0x0000000100000000)
  eden space 25600K, 100% used [0x00000000d5580000,0x00000000d6e80000,0x00000000d6e80000)
  from space 4096K, 80% used [0x00000000d6e80000,0x00000000d71b9e98,0x00000000d7280000)
  to   space 4096K, 0% used [0x00000000d7280000,0x00000000d7280000,0x00000000d7680000)
 ParOldGen       total 68608K, used 8K [0x0000000080000000, 0x0000000084300000, 0x00000000d5580000)
  object space 68608K, 0% used [0x0000000080000000,0x0000000080002000,0x0000000084300000)
 Metaspace       used 8375K, committed 8640K, reserved 1114112K
  class space    used 888K, committed 1024K, reserved 1048576K
}
Event: 7.632 GC heap after
{Heap after GC invocations=2 (full 0):
 PSYoungGen      total 29696K, used 4088K [0x00000000d5580000, 0x00000000d7680000, 0x0000000100000000)
  eden space 25600K, 0% used [0x00000000d5580000,0x00000000d5580000,0x00000000d6e80000)
  from space 4096K, 99% used [0x00000000d7280000,0x00000000d767e2e0,0x00000000d7680000)
  to   space 4096K, 0% used [0x00000000d6e80000,0x00000000d6e80000,0x00000000d7280000)
 ParOldGen       total 68608K, used 297K [0x0000000080000000, 0x0000000084300000, 0x00000000d5580000)
  object space 68608K, 0% used [0x0000000080000000,0x000000008004a688,0x0000000084300000)
 Metaspace       used 8375K, committed 8640K, reserved 1114112K
  class space    used 888K, committed 1024K, reserved 1048576K
}

Dll operation events (9 events):
Event: 0.156 Loaded shared library c:\Users\Usuario\.vscode\extensions\redhat.java-1.54.0-win32-x64\jre\21.0.10-win32-x86_64\bin\java.dll
Event: 0.387 Loaded shared library c:\Users\Usuario\.vscode\extensions\redhat.java-1.54.0-win32-x64\jre\21.0.10-win32-x86_64\bin\zip.dll
Event: 0.417 Loaded shared library C:\Users\Usuario\.vscode\extensions\redhat.java-1.54.0-win32-x64\jre\21.0.10-win32-x86_64\bin\instrument.dll
Event: 0.461 Loaded shared library C:\Users\Usuario\.vscode\extensions\redhat.java-1.54.0-win32-x64\jre\21.0.10-win32-x86_64\bin\net.dll
Event: 0.496 Loaded shared library C:\Users\Usuario\.vscode\extensions\redhat.java-1.54.0-win32-x64\jre\21.0.10-win32-x86_64\bin\nio.dll
Event: 0.499 Loaded shared library C:\Users\Usuario\.vscode\extensions\redhat.java-1.54.0-win32-x64\jre\21.0.10-win32-x86_64\bin\zip.dll
Event: 0.526 Loaded shared library C:\Users\Usuario\.vscode\extensions\redhat.java-1.54.0-win32-x64\jre\21.0.10-win32-x86_64\bin\jimage.dll
Event: 0.633 Loaded shared library c:\Users\Usuario\.vscode\extensions\redhat.java-1.54.0-win32-x64\jre\21.0.10-win32-x86_64\bin\verify.dll
Event: 8.105 Loaded shared library C:\Users\Usuario\AppData\Roaming\Code\User\globalStorage\redhat.java\1.54.0\config_ss_win\org.eclipse.equinox.launcher\org.eclipse.equinox.launcher.win32.win32.x86_64_1.3.0.v20260203-2149\eclipse_11919.dll

Deoptimization events (20 events):
Event: 7.960 Thread 0x0000019923f12e90 Uncommon trap: trap_request=0xffffffcc fr.pc=0x000001992ecccb0c relative=0x000000000000014c
Event: 7.960 Thread 0x0000019923f12e90 Uncommon trap: reason=intrinsic_or_type_checked_inlining action=make_not_entrant pc=0x000001992ecccb0c method=java.util.ArrayList.toArray([Ljava/lang/Object;)[Ljava/lang/Object; @ 36 c2
Event: 7.960 Thread 0x0000019923f12e90 DEOPT PACKING pc=0x000001992ecccb0c sp=0x0000006839cfe8b0
Event: 7.960 Thread 0x0000019923f12e90 DEOPT UNPACKING pc=0x000001992e6a3aa2 sp=0x0000006839cfe850 mode 2
Event: 7.975 Thread 0x0000019923f12e90 Uncommon trap: trap_request=0xffffffdc fr.pc=0x000001992eccdaf8 relative=0x00000000000002b8
Event: 7.975 Thread 0x0000019923f12e90 Uncommon trap: reason=class_check action=make_not_entrant pc=0x000001992eccdaf8 method=java.util.ArrayList.toArray([Ljava/lang/Object;)[Ljava/lang/Object; @ 21 c2
Event: 7.975 Thread 0x0000019923f12e90 DEOPT PACKING pc=0x000001992eccdaf8 sp=0x0000006839cfe760
Event: 7.975 Thread 0x0000019923f12e90 DEOPT UNPACKING pc=0x000001992e6a3aa2 sp=0x0000006839cfe720 mode 2
Event: 8.120 Thread 0x000001997d3525e0 Uncommon trap: trap_request=0xffffff3d fr.pc=0x000001992ec90a0c relative=0x000000000000006c
Event: 8.120 Thread 0x000001997d3525e0 Uncommon trap: reason=unstable_fused_if action=reinterpret pc=0x000001992ec90a0c method=java.lang.CharacterDataLatin1.equalsIgnoreCase(BB)Z @ 16 c2
Event: 8.120 Thread 0x000001997d3525e0 DEOPT PACKING pc=0x000001992ec90a0c sp=0x000000683b9fe370
Event: 8.120 Thread 0x000001997d3525e0 DEOPT UNPACKING pc=0x000001992e6a3aa2 sp=0x000000683b9fe2f0 mode 2
Event: 8.130 Thread 0x000001997d3525e0 Uncommon trap: trap_request=0xffffff45 fr.pc=0x000001992ecd2d1c relative=0x00000000000000fc
Event: 8.130 Thread 0x000001997d3525e0 Uncommon trap: reason=unstable_if action=reinterpret pc=0x000001992ecd2d1c method=org.eclipse.osgi.internal.framework.FilterImpl$Parser.skipWhiteSpace()V @ 39 c2
Event: 8.130 Thread 0x000001997d3525e0 DEOPT PACKING pc=0x000001992ecd2d1c sp=0x000000683b9fe700
Event: 8.130 Thread 0x000001997d3525e0 DEOPT UNPACKING pc=0x000001992e6a3aa2 sp=0x000000683b9fe6a0 mode 2
Event: 8.161 Thread 0x0000019923f12e90 Uncommon trap: trap_request=0xffffff45 fr.pc=0x000001992ec78660 relative=0x0000000000000040
Event: 8.162 Thread 0x0000019923f12e90 Uncommon trap: reason=unstable_if action=reinterpret pc=0x000001992ec78660 method=java.util.concurrent.locks.AbstractQueuedSynchronizer.signalNext(Ljava/util/concurrent/locks/AbstractQueuedSynchronizer$Node;)V @ 1 c2
Event: 8.162 Thread 0x0000019923f12e90 DEOPT PACKING pc=0x000001992ec78660 sp=0x0000006839cfeb20
Event: 8.162 Thread 0x0000019923f12e90 DEOPT UNPACKING pc=0x000001992e6a3aa2 sp=0x0000006839cfeab8 mode 2

Classes loaded (20 events):
Event: 2.009 Loading class java/security/KeyStoreException
Event: 2.010 Loading class java/security/KeyStoreException done
Event: 2.014 Loading class java/lang/Thread$Builder$OfPlatform
Event: 2.014 Loading class java/lang/Thread$Builder
Event: 2.014 Loading class java/lang/Thread$Builder done
Event: 2.014 Loading class java/lang/Thread$Builder$OfPlatform done
Event: 2.014 Loading class java/lang/Thread$Builder$OfVirtual
Event: 2.014 Loading class java/lang/Thread$Builder$OfVirtual done
Event: 7.621 Loading class java/util/MissingResourceException
Event: 7.621 Loading class java/util/MissingResourceException done
Event: 8.107 Loading class java/util/concurrent/locks/AbstractQueuedSynchronizer$SharedNode
Event: 8.109 Loading class java/util/concurrent/locks/AbstractQueuedSynchronizer$SharedNode done
Event: 8.109 Loading class java/util/ArrayList$ListItr
Event: 8.109 Loading class java/util/ArrayList$ListItr done
Event: 8.113 Loading class java/util/Collections$ReverseComparator
Event: 8.113 Loading class java/util/Collections$ReverseComparator done
Event: 8.113 Loading class java/util/Comparators$NaturalOrderComparator
Event: 8.113 Loading class java/util/Comparators$NaturalOrderComparator done
Event: 8.113 Loading class java/util/Collections$ReverseComparator2
Event: 8.113 Loading class java/util/Collections$ReverseComparator2 done

Classes unloaded (0 events):
No events

Classes redefined (0 events):
No events

Internal exceptions (20 events):
Event: 1.434 Thread 0x0000019923f12e90 Exception <a 'java/lang/ClassNotFoundException'{0x00000000d55b5c70}: sun/net/www/protocol/c/Handler> (0x00000000d55b5c70) 
thrown [s\src\hotspot\share\classfile\systemDictionary.cpp, line 312]
Event: 1.434 Thread 0x0000019923f12e90 Exception <a 'java/lang/ClassNotFoundException'{0x00000000d55b7048}: sun/net/www/protocol/c/Handler> (0x00000000d55b7048) 
thrown [s\src\hotspot\share\classfile\systemDictionary.cpp, line 312]
Event: 1.434 Thread 0x0000019923f12e90 Exception <a 'java/lang/ClassNotFoundException'{0x00000000d55b8280}: sun/net/www/protocol/c/Handler> (0x00000000d55b8280) 
thrown [s\src\hotspot\share\classfile\systemDictionary.cpp, line 312]
Event: 1.442 Thread 0x0000019923f12e90 Exception <a 'java/io/FileNotFoundException'{0x00000000d55e0750}> (0x00000000d55e0750) 
thrown [s\src\hotspot\share\prims\jni.cpp, line 520]
Event: 1.471 Thread 0x0000019923f12e90 Implicit null exception at 0x000001992ec69fc9 to 0x000001992ec6aacc
Event: 1.472 Thread 0x0000019923f12e90 Implicit null exception at 0x000001992ec5d61a to 0x000001992ec5d83c
Event: 1.472 Thread 0x0000019923f12e90 Exception <a 'java/lang/NoSuchMethodError'{0x00000000d5751bf0}: 'void java.lang.invoke.DirectMethodHandle$Holder.invokeStatic(java.lang.Object, java.lang.Object, java.lang.Object, java.lang.Object)'> (0x00000000d5751bf0) 
thrown [s\src\hotspot\share\interpreter\linkResolver.cpp, line 773]
Event: 1.473 Thread 0x0000019923f12e90 Implicit null exception at 0x000001992ec6369a to 0x000001992ec638bc
Event: 1.473 Thread 0x0000019923f12e90 Implicit null exception at 0x000001992ec59fc0 to 0x000001992ec5a045
Event: 1.563 Thread 0x0000019923f12e90 Exception <a 'java/lang/NoSuchMethodError'{0x00000000d5b50508}: 'int java.lang.invoke.DirectMethodHandle$Holder.invokeVirtual(java.lang.Object, java.lang.Object)'> (0x00000000d5b50508) 
thrown [s\src\hotspot\share\interpreter\linkResolver.cpp, line 773]
Event: 1.804 Thread 0x0000019923f12e90 Exception <a 'java/lang/IncompatibleClassChangeError'{0x00000000d6569a20}: Found class java.lang.Object, but interface was expected> (0x00000000d6569a20) 
thrown [s\src\hotspot\share\interpreter\linkResolver.cpp, line 840]
Event: 1.805 Thread 0x0000019923f12e90 Exception <a 'java/lang/NoSuchMethodError'{0x00000000d65724c0}: 'void java.lang.invoke.DirectMethodHandle$Holder.invokeInterface(java.lang.Object, java.lang.Object, java.lang.Object)'> (0x00000000d65724c0) 
thrown [s\src\hotspot\share\interpreter\linkResolver.cpp, line 773]
Event: 1.838 Thread 0x0000019923f12e90 Exception <a 'java/lang/NoSuchMethodError'{0x00000000d67906f0}: 'int java.lang.invoke.DirectMethodHandle$Holder.invokeStaticInit(java.lang.Object, java.lang.Object, java.lang.Object, java.lang.Object)'> (0x00000000d67906f0) 
thrown [s\src\hotspot\share\interpreter\linkResolver.cpp, line 773]
Event: 1.840 Thread 0x0000019923f12e90 Exception <a 'java/lang/NoSuchMethodError'{0x00000000d679acc0}: 'void java.lang.invoke.DirectMethodHandle$Holder.invokeStaticInit(java.lang.Object, java.lang.Object)'> (0x00000000d679acc0) 
thrown [s\src\hotspot\share\interpreter\linkResolver.cpp, line 773]
Event: 1.841 Thread 0x0000019923f12e90 Exception <a 'java/lang/NoSuchMethodError'{0x00000000d67a01a0}: 'int java.lang.invoke.DirectMethodHandle$Holder.invokeStaticInit(java.lang.Object, java.lang.Object)'> (0x00000000d67a01a0) 
thrown [s\src\hotspot\share\interpreter\linkResolver.cpp, line 773]
Event: 1.916 Thread 0x0000019923f12e90 Exception <a 'java/lang/NoSuchMethodError'{0x00000000d6989b48}: 'java.lang.Object java.lang.invoke.DirectMethodHandle$Holder.newInvokeSpecial(java.lang.Object, int, java.lang.Object)'> (0x00000000d6989b48) 
thrown [s\src\hotspot\share\interpreter\linkResolver.cpp, line 773]
Event: 1.954 Thread 0x0000019923f12e90 Exception <a 'java/lang/ClassNotFoundException'{0x00000000d6b06760}: sun/net/www/protocol/plurl/Handler> (0x00000000d6b06760) 
thrown [s\src\hotspot\share\classfile\systemDictionary.cpp, line 312]
Event: 1.954 Thread 0x0000019923f12e90 Exception <a 'java/lang/ClassNotFoundException'{0x00000000d6b075e0}: sun/net/www/protocol/plurl/Handler> (0x00000000d6b075e0) 
thrown [s\src\hotspot\share\classfile\systemDictionary.cpp, line 312]
Event: 1.960 Thread 0x0000019923f12e90 Exception <a 'java/lang/NoSuchMethodError'{0x00000000d6b474a8}: 'void java.lang.invoke.DirectMethodHandle$Holder.invokeSpecial(java.lang.Object, java.lang.Object, java.lang.Object)'> (0x00000000d6b474a8) 
thrown [s\src\hotspot\share\interpreter\linkResolver.cpp, line 773]
Event: 7.978 Thread 0x0000019923f12e90 Exception <a 'java/lang/UnsatisfiedLinkError'{0x00000000d65d6cc0}: 'void org.eclipse.equinox.launcher.JNIBridge._update_splash()'> (0x00000000d65d6cc0) 
thrown [s\src\hotspot\share\prims\nativeLookup.cpp, line 415]

ZGC Phase Switch (0 events):
No events

VM Operations (20 events):
Event: 1.075 Executing non-safepoint VM operation: HandshakeAllThreads (Deoptimize)
Event: 1.075 Executing non-safepoint VM operation: HandshakeAllThreads (Deoptimize) done
Event: 1.396 Executing safepoint VM operation: ICBufferFull
Event: 1.396 Executing safepoint VM operation: ICBufferFull done
Event: 1.403 Executing non-safepoint VM operation: HandshakeAllThreads (Deoptimize)
Event: 1.403 Executing non-safepoint VM operation: HandshakeAllThreads (Deoptimize) done
Event: 1.418 Executing safepoint VM operation: ParallelGCFailedAllocation (Allocation Failure)
Event: 1.426 Executing safepoint VM operation: ParallelGCFailedAllocation (Allocation Failure) done
Event: 1.860 Executing non-safepoint VM operation: HandshakeAllThreads (Deoptimize)
Event: 1.860 Executing non-safepoint VM operation: HandshakeAllThreads (Deoptimize) done
Event: 1.949 Executing non-safepoint VM operation: HandshakeAllThreads (Deoptimize)
Event: 1.949 Executing non-safepoint VM operation: HandshakeAllThreads (Deoptimize) done
Event: 2.959 Executing safepoint VM operation: Cleanup
Event: 2.959 Executing safepoint VM operation: Cleanup done
Event: 7.629 Executing safepoint VM operation: ParallelGCFailedAllocation (Allocation Failure)
Event: 7.632 Executing safepoint VM operation: ParallelGCFailedAllocation (Allocation Failure) done
Event: 8.110 Executing non-safepoint VM operation: HandshakeAllThreads (Deoptimize)
Event: 8.110 Executing non-safepoint VM operation: HandshakeAllThreads (Deoptimize) done
Event: 8.142 Executing non-safepoint VM operation: HandshakeAllThreads (Deoptimize)
Event: 8.142 Executing non-safepoint VM operation: HandshakeAllThreads (Deoptimize) done

Memory protections (0 events):
No events

Nmethod flushes (0 events):
No events

Events (20 events):
Event: 0.319 Thread 0x0000019923f12e90 Thread added: 0x000001993a696120
Event: 0.319 Thread 0x0000019923f12e90 Thread added: 0x000001993a696f60
Event: 0.320 Thread 0x0000019923f12e90 Thread added: 0x000001993a6a25d0
Event: 0.393 Thread 0x000001993a6a25d0 Thread added: 0x000001997cb29940
Event: 0.419 Thread 0x0000019923f12e90 Thread added: 0x000001997cc3d4c0
Event: 0.739 Thread 0x0000019923f12e90 Thread added: 0x000001997cc8e700
Event: 1.794 Thread 0x0000019923f12e90 Thread added: 0x000001997d3aeee0
Event: 1.795 Thread 0x000001997d3aeee0 Thread added: 0x000001997d3af550
Event: 1.798 Thread 0x0000019923f12e90 Thread added: 0x000001997d66af20
Event: 1.800 Thread 0x0000019923f12e90 Thread added: 0x000001997d66d9b0
Event: 1.800 Thread 0x0000019923f12e90 Thread added: 0x000001997d66e020
Event: 1.802 Thread 0x0000019923f12e90 Thread added: 0x000001997d66e690
Event: 1.848 Thread 0x0000019923f12e90 Thread added: 0x000001997d4a63a0
Event: 1.927 Thread 0x000001997cb29940 Thread exited: 0x000001997cb29940
Event: 7.620 Thread 0x0000019923f12e90 Thread added: 0x000001997d3518c0
Event: 7.622 Thread 0x0000019923f12e90 Thread added: 0x000001997d351f50
Event: 7.698 Thread 0x000001993a6a25d0 Thread added: 0x000001997d202690
Event: 7.975 Thread 0x0000019923f12e90 Thread added: 0x000001997d3525e0
Event: 8.105 Thread 0x000001997d202690 Thread exited: 0x000001997d202690
Event: 8.138 Thread 0x000001993a6a25d0 Thread added: 0x000001997d520420


Dynamic libraries:
0x00007ff7a8910000 - 0x00007ff7a891e000 	c:\Users\Usuario\.vscode\extensions\redhat.java-1.54.0-win32-x64\jre\21.0.10-win32-x86_64\bin\java.exe
0x00007ffc3c2f0000 - 0x00007ffc3c4e8000 	C:\WINDOWS\SYSTEM32\ntdll.dll
0x00007ffc3a560000 - 0x00007ffc3a622000 	C:\WINDOWS\System32\KERNEL32.DLL
0x00007ffc39fe0000 - 0x00007ffc3a2d6000 	C:\WINDOWS\System32\KERNELBASE.dll
0x00007ffc39ad0000 - 0x00007ffc39bd0000 	C:\WINDOWS\System32\ucrtbase.dll
0x00007ffc1a2c0000 - 0x00007ffc1a2de000 	c:\Users\Usuario\.vscode\extensions\redhat.java-1.54.0-win32-x64\jre\21.0.10-win32-x86_64\bin\VCRUNTIME140.dll
0x00007ffc17f20000 - 0x00007ffc17f38000 	c:\Users\Usuario\.vscode\extensions\redhat.java-1.54.0-win32-x64\jre\21.0.10-win32-x86_64\bin\jli.dll
0x00007ffc3a6e0000 - 0x00007ffc3a881000 	C:\WINDOWS\System32\USER32.dll
0x00007ffc3a2e0000 - 0x00007ffc3a302000 	C:\WINDOWS\System32\win32u.dll
0x00007ffc3c280000 - 0x00007ffc3c2ab000 	C:\WINDOWS\System32\GDI32.dll
0x00007ffc1d8f0000 - 0x00007ffc1db8b000 	C:\WINDOWS\WinSxS\amd64_microsoft.windows.common-controls_6595b64144ccf1df_6.0.19041.6456_none_60b8a6cb71f64256\COMCTL32.dll
0x00007ffc3c1e0000 - 0x00007ffc3c27e000 	C:\WINDOWS\System32\msvcrt.dll
0x00007ffc39e70000 - 0x00007ffc39f89000 	C:\WINDOWS\System32\gdi32full.dll
0x00007ffc39980000 - 0x00007ffc39a1d000 	C:\WINDOWS\System32\msvcp_win.dll
0x00007ffc3be50000 - 0x00007ffc3be7f000 	C:\WINDOWS\System32\IMM32.DLL
0x00007ffc1e330000 - 0x00007ffc1e33c000 	c:\Users\Usuario\.vscode\extensions\redhat.java-1.54.0-win32-x64\jre\21.0.10-win32-x86_64\bin\vcruntime140_1.dll
0x00007ffc0b670000 - 0x00007ffc0b6fd000 	c:\Users\Usuario\.vscode\extensions\redhat.java-1.54.0-win32-x64\jre\21.0.10-win32-x86_64\bin\msvcp140.dll
0x00007ffb77ef0000 - 0x00007ffb78c91000 	c:\Users\Usuario\.vscode\extensions\redhat.java-1.54.0-win32-x64\jre\21.0.10-win32-x86_64\bin\server\jvm.dll
0x00007ffc3bcb0000 - 0x00007ffc3bd61000 	C:\WINDOWS\System32\ADVAPI32.dll
0x00007ffc3bc10000 - 0x00007ffc3bcaf000 	C:\WINDOWS\System32\sechost.dll
0x00007ffc3a8b0000 - 0x00007ffc3a9d0000 	C:\WINDOWS\System32\RPCRT4.dll
0x00007ffc39c60000 - 0x00007ffc39c87000 	C:\WINDOWS\System32\bcrypt.dll
0x00007ffc3bb90000 - 0x00007ffc3bbfb000 	C:\WINDOWS\System32\WS2_32.dll
0x00007ffc2e500000 - 0x00007ffc2e527000 	C:\WINDOWS\SYSTEM32\WINMM.dll
0x00007ffc38f10000 - 0x00007ffc38f5b000 	C:\WINDOWS\SYSTEM32\POWRPROF.dll
0x00007ffc32d00000 - 0x00007ffc32d0a000 	C:\WINDOWS\SYSTEM32\VERSION.dll
0x00007ffc38d80000 - 0x00007ffc38d92000 	C:\WINDOWS\SYSTEM32\UMPDC.dll
0x00007ffc381b0000 - 0x00007ffc381c2000 	C:\WINDOWS\SYSTEM32\kernel.appcore.dll
0x00007ffc1df30000 - 0x00007ffc1df3a000 	c:\Users\Usuario\.vscode\extensions\redhat.java-1.54.0-win32-x64\jre\21.0.10-win32-x86_64\bin\jimage.dll
0x00007ffc377c0000 - 0x00007ffc379c1000 	C:\WINDOWS\SYSTEM32\DBGHELP.DLL
0x00007ffc17f40000 - 0x00007ffc17f74000 	C:\WINDOWS\SYSTEM32\dbgcore.DLL
0x00007ffc39bd0000 - 0x00007ffc39c52000 	C:\WINDOWS\System32\bcryptPrimitives.dll
0x00007ffc1c4a0000 - 0x00007ffc1c4af000 	c:\Users\Usuario\.vscode\extensions\redhat.java-1.54.0-win32-x64\jre\21.0.10-win32-x86_64\bin\instrument.dll
0x00007ffc163d0000 - 0x00007ffc163f0000 	c:\Users\Usuario\.vscode\extensions\redhat.java-1.54.0-win32-x64\jre\21.0.10-win32-x86_64\bin\java.dll
0x00007ffc3b0e0000 - 0x00007ffc3b850000 	C:\WINDOWS\System32\SHELL32.dll
0x00007ffc379f0000 - 0x00007ffc38195000 	C:\WINDOWS\SYSTEM32\windows.storage.dll
0x00007ffc3be80000 - 0x00007ffc3c1d4000 	C:\WINDOWS\System32\combase.dll
0x00007ffc393b0000 - 0x00007ffc393db000 	C:\WINDOWS\SYSTEM32\Wldp.dll
0x00007ffc3aa30000 - 0x00007ffc3aafd000 	C:\WINDOWS\System32\OLEAUT32.dll
0x00007ffc3a310000 - 0x00007ffc3a3bd000 	C:\WINDOWS\System32\SHCORE.dll
0x00007ffc3abb0000 - 0x00007ffc3ac0b000 	C:\WINDOWS\System32\shlwapi.dll
0x00007ffc398b0000 - 0x00007ffc398d4000 	C:\WINDOWS\SYSTEM32\profapi.dll
0x00007ffc10e40000 - 0x00007ffc10e58000 	c:\Users\Usuario\.vscode\extensions\redhat.java-1.54.0-win32-x64\jre\21.0.10-win32-x86_64\bin\zip.dll
0x00007ffc30fe0000 - 0x00007ffc30ff0000 	C:\Users\Usuario\.vscode\extensions\redhat.java-1.54.0-win32-x64\jre\21.0.10-win32-x86_64\bin\net.dll
0x00007ffc32120000 - 0x00007ffc3222a000 	C:\WINDOWS\SYSTEM32\WINHTTP.dll
0x00007ffc39110000 - 0x00007ffc3917a000 	C:\WINDOWS\system32\mswsock.dll
0x00007ffc0dd10000 - 0x00007ffc0dd26000 	C:\Users\Usuario\.vscode\extensions\redhat.java-1.54.0-win32-x64\jre\21.0.10-win32-x86_64\bin\nio.dll
0x00007ffc1c460000 - 0x00007ffc1c470000 	c:\Users\Usuario\.vscode\extensions\redhat.java-1.54.0-win32-x64\jre\21.0.10-win32-x86_64\bin\verify.dll
0x00007ffc06400000 - 0x00007ffc06445000 	C:\Users\Usuario\AppData\Roaming\Code\User\globalStorage\redhat.java\1.54.0\config_ss_win\org.eclipse.equinox.launcher\org.eclipse.equinox.launcher.win32.win32.x86_64_1.3.0.v20260203-2149\eclipse_11919.dll
0x00007ffc3ba60000 - 0x00007ffc3bb8b000 	C:\WINDOWS\System32\ole32.dll

JVMTI agents:
c:\Users\Usuario\.vscode\extensions\redhat.java-1.54.0-win32-x64\lombok\lombok-1.18.39-4050.jar path:c:\Users\Usuario\.vscode\extensions\redhat.java-1.54.0-win32-x64\jre\21.0.10-win32-x86_64\bin\instrument.dll, loaded, initialized, instrumentlib options:none

dbghelp: loaded successfully - version: 4.0.5 - missing functions: none
symbol engine: initialized successfully - sym options: 0x614 - pdb path: .;c:\Users\Usuario\.vscode\extensions\redhat.java-1.54.0-win32-x64\jre\21.0.10-win32-x86_64\bin;C:\WINDOWS\SYSTEM32;C:\WINDOWS\WinSxS\amd64_microsoft.windows.common-controls_6595b64144ccf1df_6.0.19041.6456_none_60b8a6cb71f64256;c:\Users\Usuario\.vscode\extensions\redhat.java-1.54.0-win32-x64\jre\21.0.10-win32-x86_64\bin\server;C:\Users\Usuario\AppData\Roaming\Code\User\globalStorage\redhat.java\1.54.0\config_ss_win\org.eclipse.equinox.launcher\org.eclipse.equinox.launcher.win32.win32.x86_64_1.3.0.v20260203-2149

VM Arguments:
jvm_args: --add-modules=ALL-SYSTEM --add-opens=java.base/java.util=ALL-UNNAMED --add-opens=java.base/java.lang=ALL-UNNAMED --add-opens=java.base/sun.nio.fs=ALL-UNNAMED -Declipse.application=org.eclipse.jdt.ls.core.id1 -Dosgi.bundles.defaultStartLevel=4 -Declipse.product=org.eclipse.jdt.ls.core.product -Djava.import.generatesMetadataFilesAtProjectRoot=false -DDetectVMInstallationsJob.disabled=true -Dfile.encoding=utf8 -XX:+UseParallelGC -XX:GCTimeRatio=4 -XX:AdaptiveSizePolicyWeight=90 -Dsun.zip.disableMemoryMapping=true -Xmx2G -Xms100m -Xlog:disable -javaagent:c:\Users\Usuario\.vscode\extensions\redhat.java-1.54.0-win32-x64\lombok\lombok-1.18.39-4050.jar 
java_command: c:\Users\Usuario\.vscode\extensions\redhat.java-1.54.0-win32-x64\server\plugins\org.eclipse.equinox.launcher_1.7.100.v20251111-0406.jar -configuration c:\Users\Usuario\AppData\Roaming\Code\User\globalStorage\redhat.java\1.54.0\config_ss_win -data c:\Users\Usuario\AppData\Roaming\Code\User\workspaceStorage\e9bfd40476b159c0453933f2d2e6fc5e\redhat.java\ss_ws --pipe=\\.\pipe\lsp-1f16a3764495af28371b36afcc31c800-sock
java_class_path (initial): c:\Users\Usuario\.vscode\extensions\redhat.java-1.54.0-win32-x64\server\plugins\org.eclipse.equinox.launcher_1.7.100.v20251111-0406.jar
Launcher Type: SUN_STANDARD

[Global flags]
    uintx AdaptiveSizePolicyWeight                 = 90                                        {product} {command line}
     intx CICompilerCount                          = 3                                         {product} {ergonomic}
    uintx GCTimeRatio                              = 4                                         {product} {command line}
   size_t InitialHeapSize                          = 104857600                                 {product} {command line}
   size_t MaxHeapSize                              = 2147483648                                {product} {command line}
   size_t MaxNewSize                               = 715653120                                 {product} {ergonomic}
   size_t MinHeapDeltaBytes                        = 524288                                    {product} {ergonomic}
   size_t MinHeapSize                              = 104857600                                 {product} {command line}
   size_t NewSize                                  = 34603008                                  {product} {ergonomic}
    uintx NonNMethodCodeHeapSize                   = 5832780                                {pd product} {ergonomic}
    uintx NonProfiledCodeHeapSize                  = 122912730                              {pd product} {ergonomic}
   size_t OldSize                                  = 70254592                                  {product} {ergonomic}
    uintx ProfiledCodeHeapSize                     = 122912730                              {pd product} {ergonomic}
    uintx ReservedCodeCacheSize                    = 251658240                              {pd product} {ergonomic}
     bool SegmentedCodeCache                       = true                                      {product} {ergonomic}
   size_t SoftMaxHeapSize                          = 2147483648                             {manageable} {ergonomic}
     bool UseCompressedOops                        = true                           {product lp64_product} {ergonomic}
     bool UseLargePagesIndividualAllocation        = false                                  {pd product} {ergonomic}
     bool UseParallelGC                            = true                                      {product} {command line}

Logging:
Log output configuration:
 #0: stdout all=off uptime,level,tags foldmultilines=false
 #1: stderr all=off uptime,level,tags foldmultilines=false

Release file:
JAVA_VERSION="21.0.10" 
MODULES="java.base java.compiler java.datatransfer java.xml java.prefs java.desktop java.instrument java.logging java.management java.security.sasl java.naming java.rmi java.management.rmi java.net.http java.scripting java.security.jgss java.transaction.xa java.sql java.sql.rowset java.xml.crypto java.se java.smartcardio jdk.accessibility jdk.internal.jvmstat jdk.attach jdk.charsets jdk.internal.opt jdk.zipfs jdk.compiler jdk.crypto.ec jdk.crypto.cryptoki jdk.crypto.mscapi jdk.dynalink jdk.internal.ed jdk.editpad jdk.hotspot.agent jdk.httpserver jdk.internal.le jdk.internal.vm.ci jdk.internal.vm.compiler jdk.internal.vm.compiler.management jdk.jartool jdk.javadoc jdk.jcmd jdk.management jdk.management.agent jdk.jconsole jdk.jdeps jdk.jdwp.agent jdk.jdi jdk.jfr jdk.jshell jdk.jsobject jdk.jstatd jdk.localedata jdk.management.jfr jdk.naming.dns jdk.naming.rmi jdk.net jdk.nio.mapmode jdk.random jdk.sctp jdk.security.auth jdk.security.jgss jdk.unsupported jdk.unsupported.desktop jdk.xml.dom" 

Environment Variables:
JAVA_HOME=C:\Program Files\Java\jdk-26
PATH=C:\Users\Usuario\AppData\Local\Programs\Microsoft VS Code;C:\Program Files\Common Files\Oracle\Java\javapath;C:\Program Files (x86)\Common Files\Oracle\Java\java8path;C:\Program Files (x86)\Common Files\Oracle\Java\javapath;C:\Program Files (x86)\Common Files\Intel\Shared Libraries\redist\intel64\compiler;C:\Windows\system32;C:\Windows;C:\Windows\System32\Wbem;C:\Windows\System32\WindowsPowerShell\v1.0\;C:\Windows\System32\OpenSSH\;C:\Program Files (x86)\NVIDIA Corporation\PhysX\Common;C:\WINDOWS\system32;C:\WINDOWS;C:\WINDOWS\System32\Wbem;C:\WINDOWS\System32\WindowsPowerShell\v1.0\;C:\WINDOWS\System32\OpenSSH\;C:\Program Files\Java\jdk-22\bin;C:\Program Files\NVIDIA Corporation\NVIDIA app\NvDLISR;C:\Program Files\Java\jdk-26\bin;C:\Users\Usuario\AppData\Local\Python\pythoncore-3.14-64;C:\Users\Usuario\AppData\Local\Python\pythoncore-3.14-64\Scripts;C:\Program Files\Git\cmd;C:\Users\Usuario\.local\bin;C:\Users\Usuario\AppData\Local\Microsoft\WindowsApps;C:\AppServ\Apache24\bin;C:\AppServ\php7;C:\AppServ\MySQL\bin;C:\Users\Usuario\AppData\Local\Python\bin;C:\Users\Usuario\AppData\Local\Programs\Microsoft VS Code\bin
USERNAME=Usuario
OS=Windows_NT
PROCESSOR_IDENTIFIER=Intel64 Family 6 Model 158 Stepping 10, GenuineIntel
TMP=C:\Users\Usuario\AppData\Local\Temp
TEMP=C:\Users\Usuario\AppData\Local\Temp




Periodic native trim disabled

---------------  S Y S T E M  ---------------

OS:
 Windows 10 , 64 bit Build 19041 (10.0.19041.5915)
OS uptime: 0 days 11:44 hours

CPU: total 6 (initial active 6) (6 cores per cpu, 1 threads per core) family 6 model 158 stepping 10 microcode 0xb4, cx8, cmov, fxsr, mmx, 3dnowpref, sse, sse2, sse3, ssse3, sse4.1, sse4.2, popcnt, lzcnt, tsc, tscinvbit, avx, avx2, aes, erms, clmul, bmi1, bmi2, adx, fma, vzeroupper, clflush, clflushopt, rdtscp, f16c
Processor Information for the first 6 processors :
  Max Mhz: 2904, Current Mhz: 2904, Mhz Limit: 2904

Memory: 4k page, system-wide physical 16319M (2459M free)
TotalPageFile size 22189M (AvailPageFile size 0M)
current process WorkingSet (physical memory assigned to process): 97M, peak: 97M
current process commit charge ("private bytes"): 239M, peak: 239M

vm_info: OpenJDK 64-Bit Server VM (21.0.10+7-LTS) for windows-amd64 JRE (21.0.10+7-LTS), built on 2026-01-20T00:00:00Z by "admin" with MS VC++ 17.12 (VS2022)

END.
