#
# There is insufficient memory for the Java Runtime Environment to continue.
# Native memory allocation (malloc) failed to allocate 915056 bytes. Error detail: Chunk::new
# Possible reasons:
#   The system is out of physical RAM or swap space
#   This process is running with CompressedOops enabled, and the Java Heap may be blocking the growth of the native heap
# Possible solutions:
#   Reduce memory load on the system
#   Increase physical memory or swap space
#   Check if swap backing store is full
#   Decrease Java heap size (-Xmx/-Xms)
#   Decrease number of Java threads
#   Decrease Java thread stack sizes (-Xss)
#   Set larger code cache with -XX:ReservedCodeCacheSize=
#   JVM is running with Unscaled Compressed Oops mode in which the Java heap is
#     placed in the first 4GB address space. The Java Heap base address is the
#     maximum limit for the native heap growth. Please use -XX:HeapBaseMinAddress
#     to set the Java Heap base and to place the Java Heap above 4GB virtual address.
# This output file may be truncated or incomplete.
#
#  Out of Memory Error (arena.cpp:168), pid=18016, tid=28384
#
# JRE version: OpenJDK Runtime Environment Temurin-21.0.10+7 (21.0.10+7) (build 21.0.10+7-LTS)
# Java VM: OpenJDK 64-Bit Server VM Temurin-21.0.10+7 (21.0.10+7-LTS, mixed mode, sharing, tiered, compressed oops, compressed class ptrs, parallel gc, windows-amd64)
# No core dump will be written. Minidumps are not enabled by default on client versions of Windows
#

---------------  S U M M A R Y ------------

Command Line: --add-modules=ALL-SYSTEM --add-opens=java.base/java.util=ALL-UNNAMED --add-opens=java.base/java.lang=ALL-UNNAMED --add-opens=java.base/sun.nio.fs=ALL-UNNAMED -Declipse.application=org.eclipse.jdt.ls.core.id1 -Dosgi.bundles.defaultStartLevel=4 -Declipse.product=org.eclipse.jdt.ls.core.product -Djava.import.generatesMetadataFilesAtProjectRoot=false -DDetectVMInstallationsJob.disabled=true -Dfile.encoding=utf8 -XX:+UseParallelGC -XX:GCTimeRatio=4 -XX:AdaptiveSizePolicyWeight=90 -Dsun.zip.disableMemoryMapping=true -Xmx2G -Xms100m -Xlog:disable -javaagent:c:\Users\Usuario\.vscode\extensions\redhat.java-1.54.0-win32-x64\lombok\lombok-1.18.39-4050.jar -XX:+HeapDumpOnOutOfMemoryError -XX:HeapDumpPath=c:\Users\Usuario\AppData\Roaming\Code\User\workspaceStorage\e9bfd40476b159c0453933f2d2e6fc5e\redhat.java -Daether.dependencyCollector.impl=bf c:\Users\Usuario\.vscode\extensions\redhat.java-1.54.0-win32-x64\server\plugins\org.eclipse.equinox.launcher_1.7.100.v20251111-0406.jar -configuration c:\Users\Usuario\AppData\Roaming\Code\User\globalStorage\redhat.java\1.54.0\config_win -data c:\Users\Usuario\AppData\Roaming\Code\User\workspaceStorage\e9bfd40476b159c0453933f2d2e6fc5e\redhat.java\jdt_ws --pipe=\\.\pipe\lsp-0b48cf8165758134de8a636e2b24a58a-sock

Host: Intel(R) Core(TM) i5-9400F CPU @ 2.90GHz, 6 cores, 15G,  Windows 10 , 64 bit Build 19041 (10.0.19041.5915)
Time: Sun Apr 19 23:23:20 2026 Hora est. Pac璗ico, Sudam廨ica elapsed time: 8.069687 seconds (0d 0h 0m 8s)

---------------  T H R E A D  ---------------

Current thread (0x0000021a299c8570):  JavaThread "C2 CompilerThread0" daemon [_thread_in_native, id=28384, stack(0x000000d95e200000,0x000000d95e300000) (1024K)]


Current CompileTask:
C2:8069 2081   !   4       org.eclipse.osgi.util.ManifestElement::parseHeader (708 bytes)

Stack: [0x000000d95e200000,0x000000d95e300000]
Native frames: (J=compiled Java code, j=interpreted, Vv=VM code, C=native code)
V  [jvm.dll+0x6d7a39]
V  [jvm.dll+0x8b4b26]
V  [jvm.dll+0x8b70de]
V  [jvm.dll+0x8b77c3]
V  [jvm.dll+0x284346]
V  [jvm.dll+0xc66ed]
V  [jvm.dll+0xc6c31]
V  [jvm.dll+0x3bec01]
V  [jvm.dll+0x38b162]
V  [jvm.dll+0x38a5aa]
V  [jvm.dll+0x24c560]
V  [jvm.dll+0x24bb40]
V  [jvm.dll+0x1cb34e]
V  [jvm.dll+0x25b85d]
V  [jvm.dll+0x259dea]
V  [jvm.dll+0x3f857e]
V  [jvm.dll+0x85f59d]
V  [jvm.dll+0x6d626d]
C  [ucrtbase.dll+0x21bb2]
C  [KERNEL32.DLL+0x17374]
C  [ntdll.dll+0x4cc91]


---------------  P R O C E S S  ---------------

Threads class SMR info:
_java_thread_list=0x0000021a70bc50c0, length=23, elements={
0x0000021a12f92a90, 0x0000021a299bea70, 0x0000021a299c02e0, 0x0000021a299c1e70,
0x0000021a299c2d90, 0x0000021a299c3cb0, 0x0000021a299c7730, 0x0000021a299c8570,
0x0000021a299d3be0, 0x0000021a701c9cd0, 0x0000021a702c0500, 0x0000021a707f9820,
0x0000021a70b3bcf0, 0x0000021a70b3c360, 0x0000021a70b3f8f0, 0x0000021a70bd1970,
0x0000021a70bd3ff0, 0x0000021a70b950b0, 0x0000021a70ada710, 0x0000021a70ad99f0,
0x0000021a7082f340, 0x0000021a70ada080, 0x0000021a70adada0
}

Java Threads: ( => current thread )
  0x0000021a12f92a90 JavaThread "main"                              [_thread_blocked, id=28152, stack(0x000000d95d800000,0x000000d95d900000) (1024K)]
  0x0000021a299bea70 JavaThread "Reference Handler"          daemon [_thread_blocked, id=22660, stack(0x000000d95dc00000,0x000000d95dd00000) (1024K)]
  0x0000021a299c02e0 JavaThread "Finalizer"                  daemon [_thread_blocked, id=19524, stack(0x000000d95dd00000,0x000000d95de00000) (1024K)]
  0x0000021a299c1e70 JavaThread "Signal Dispatcher"          daemon [_thread_blocked, id=6516, stack(0x000000d95de00000,0x000000d95df00000) (1024K)]
  0x0000021a299c2d90 JavaThread "Attach Listener"            daemon [_thread_blocked, id=16952, stack(0x000000d95df00000,0x000000d95e000000) (1024K)]
  0x0000021a299c3cb0 JavaThread "Service Thread"             daemon [_thread_blocked, id=5276, stack(0x000000d95e000000,0x000000d95e100000) (1024K)]
  0x0000021a299c7730 JavaThread "Monitor Deflation Thread"   daemon [_thread_blocked, id=28456, stack(0x000000d95e100000,0x000000d95e200000) (1024K)]
=>0x0000021a299c8570 JavaThread "C2 CompilerThread0"         daemon [_thread_in_native, id=28384, stack(0x000000d95e200000,0x000000d95e300000) (1024K)]
  0x0000021a299d3be0 JavaThread "C1 CompilerThread0"         daemon [_thread_blocked, id=26432, stack(0x000000d95e300000,0x000000d95e400000) (1024K)]
  0x0000021a701c9cd0 JavaThread "Common-Cleaner"             daemon [_thread_blocked, id=27216, stack(0x000000d95e500000,0x000000d95e600000) (1024K)]
  0x0000021a702c0500 JavaThread "Notification Thread"        daemon [_thread_blocked, id=28608, stack(0x000000d95e600000,0x000000d95e700000) (1024K)]
  0x0000021a707f9820 JavaThread "Equinox resolver thread - Equinox Container: 396732cb-599e-491c-a26b-f5d2aee1b1f9" daemon [_thread_blocked, id=20852, stack(0x000000d95ec00000,0x000000d95ed00000) (1024K)]
  0x0000021a70b3bcf0 JavaThread "Equinox resolver thread - Equinox Container: 396732cb-599e-491c-a26b-f5d2aee1b1f9" daemon [_thread_blocked, id=27908, stack(0x000000d95ed00000,0x000000d95ee00000) (1024K)]
  0x0000021a70b3c360 JavaThread "Equinox resolver thread - Equinox Container: 396732cb-599e-491c-a26b-f5d2aee1b1f9" daemon [_thread_blocked, id=6892, stack(0x000000d95ee00000,0x000000d95ef00000) (1024K)]
  0x0000021a70b3f8f0 JavaThread "Equinox resolver thread - Equinox Container: 396732cb-599e-491c-a26b-f5d2aee1b1f9" daemon [_thread_blocked, id=27980, stack(0x000000d95ef00000,0x000000d95f000000) (1024K)]
  0x0000021a70bd1970 JavaThread "Equinox resolver thread - Equinox Container: 396732cb-599e-491c-a26b-f5d2aee1b1f9" daemon [_thread_blocked, id=3240, stack(0x000000d95f000000,0x000000d95f100000) (1024K)]
  0x0000021a70bd3ff0 JavaThread "Equinox resolver thread - Equinox Container: 396732cb-599e-491c-a26b-f5d2aee1b1f9" daemon [_thread_blocked, id=26728, stack(0x000000d95f100000,0x000000d95f200000) (1024K)]
  0x0000021a70b950b0 JavaThread "Active Thread: Equinox Container: 396732cb-599e-491c-a26b-f5d2aee1b1f9"        [_thread_blocked, id=19876, stack(0x000000d95f200000,0x000000d95f300000) (1024K)]
  0x0000021a70ada710 JavaThread "Framework Event Dispatcher: Equinox Container: 396732cb-599e-491c-a26b-f5d2aee1b1f9" daemon [_thread_blocked, id=19092, stack(0x000000d95e400000,0x000000d95e500000) (1024K)]
  0x0000021a70ad99f0 JavaThread "Start Level: Equinox Container: 396732cb-599e-491c-a26b-f5d2aee1b1f9" daemon [_thread_blocked, id=28460, stack(0x000000d95f300000,0x000000d95f400000) (1024K)]
  0x0000021a7082f340 JavaThread "C2 CompilerThread1"         daemon [_thread_in_native, id=27876, stack(0x000000d95f400000,0x000000d95f500000) (1024K)]
  0x0000021a70ada080 JavaThread "Bundle File Closer"         daemon [_thread_blocked, id=27592, stack(0x000000d95f500000,0x000000d95f600000) (1024K)]
  0x0000021a70adada0 JavaThread "Refresh Thread: Equinox Container: 396732cb-599e-491c-a26b-f5d2aee1b1f9" daemon [_thread_in_vm, id=12368, stack(0x000000d95f600000,0x000000d95f700000) (1024K)]
Total: 23

Other Threads:
  0x0000021a299b0c10 VMThread "VM Thread"                           [id=27360, stack(0x000000d95db00000,0x000000d95dc00000) (1024K)]
  0x0000021a2992c7e0 WatcherThread "VM Periodic Task Thread"        [id=1172, stack(0x000000d95da00000,0x000000d95db00000) (1024K)]
  0x0000021a12fafe00 WorkerThread "GC Thread#0"                     [id=18848, stack(0x000000d95d900000,0x000000d95da00000) (1024K)]
  0x0000021a702f4e70 WorkerThread "GC Thread#1"                     [id=2788, stack(0x000000d95e700000,0x000000d95e800000) (1024K)]
  0x0000021a706719a0 WorkerThread "GC Thread#2"                     [id=5840, stack(0x000000d95e800000,0x000000d95e900000) (1024K)]
  0x0000021a70671d50 WorkerThread "GC Thread#3"                     [id=28604, stack(0x000000d95e900000,0x000000d95ea00000) (1024K)]
  0x0000021a7030ee00 WorkerThread "GC Thread#4"                     [id=27464, stack(0x000000d95ea00000,0x000000d95eb00000) (1024K)]
  0x0000021a7030f1b0 WorkerThread "GC Thread#5"                     [id=28028, stack(0x000000d95eb00000,0x000000d95ec00000) (1024K)]
Total: 8

Threads with active compile tasks:
C2 CompilerThread0  8134 2081   !   4       org.eclipse.osgi.util.ManifestElement::parseHeader (708 bytes)
C1 CompilerThread0  8134 2511       2       java.util.LinkedHashMap::getOrDefault (29 bytes)
C2 CompilerThread1  8134 2417       4       org.apache.felix.resolver.PackageSpaces::mergeUses (494 bytes)
Total: 3

VM state: not at safepoint (normal execution)

VM Mutex/Monitor currently owned by a thread: None

Heap address: 0x0000000080000000, size: 2048 MB, Compressed Oops mode: 32-bit

CDS archive(s) mapped at: [0x0000021a2a000000-0x0000021a2aba0000-0x0000021a2aba0000), size 12189696, SharedBaseAddress: 0x0000021a2a000000, ArchiveRelocationMode: 1.
Compressed class space mapped at: 0x0000021a2b000000-0x0000021a6b000000, reserved size: 1073741824
Narrow klass base: 0x0000021a2a000000, Narrow klass shift: 0, Narrow klass range: 0x100000000

GC Precious Log:
 CardTable entry size: 512
 CPUs: 6 total, 6 available
 Memory: 16319M
 Large Page Support: Disabled
 NUMA Support: Disabled
 Compressed Oops: Enabled (32-bit)
 Alignments: Space 512K, Generation 512K, Heap 2M
 Heap Min Capacity: 100M
 Heap Initial Capacity: 100M
 Heap Max Capacity: 2G
 Pre-touch: Disabled
 Parallel Workers: 6

Heap:
 PSYoungGen      total 29696K, used 19990K [0x00000000d5580000, 0x00000000d7680000, 0x0000000100000000)
  eden space 25600K, 62% used [0x00000000d5580000,0x00000000d650b128,0x00000000d6e80000)
  from space 4096K, 99% used [0x00000000d6e80000,0x00000000d727a7f8,0x00000000d7280000)
  to   space 4096K, 0% used [0x00000000d7280000,0x00000000d7280000,0x00000000d7680000)
 ParOldGen       total 68608K, used 4309K [0x0000000080000000, 0x0000000084300000, 0x00000000d5580000)
  object space 68608K, 6% used [0x0000000080000000,0x00000000804357c0,0x0000000084300000)
 Metaspace       used 9052K, committed 9408K, reserved 1114112K
  class space    used 924K, committed 1088K, reserved 1048576K

Card table byte_map: [0x0000021a12950000,0x0000021a12d60000] _byte_map_base: 0x0000021a12550000

Marking Bits: (ParMarkBitMap*) 0x00007ffb78bb3450
 Begin Bits: [0x0000021a25450000, 0x0000021a27450000)
 End Bits:   [0x0000021a27450000, 0x0000021a29450000)

Polling page: 0x0000021a10f90000

Metaspace:

Usage:
  Non-class:      7.94 MB used.
      Class:    924.20 KB used.
       Both:      8.84 MB used.

Virtual space:
  Non-class space:       64.00 MB reserved,       8.12 MB ( 13%) committed,  1 nodes.
      Class space:        1.00 GB reserved,       1.06 MB ( <1%) committed,  1 nodes.
             Both:        1.06 GB reserved,       9.19 MB ( <1%) committed. 

Chunk freelists:
   Non-Class:  7.72 MB
       Class:  14.85 MB
        Both:  22.57 MB

MaxMetaspaceSize: unlimited
CompressedClassSpaceSize: 1.00 GB
Initial GC threshold: 21.00 MB
Current GC threshold: 21.00 MB
CDS: on
 - commit_granule_bytes: 65536.
 - commit_granule_words: 8192.
 - virtual_space_node_default_size: 8388608.
 - enlarge_chunks_in_place: 1.
 - use_allocation_guard: 0.


Internal statistics:

num_allocs_failed_limit: 0.
num_arena_births: 228.
num_arena_deaths: 0.
num_vsnodes_births: 2.
num_vsnodes_deaths: 0.
num_space_committed: 147.
num_space_uncommitted: 0.
num_chunks_returned_to_freelist: 0.
num_chunks_taken_from_freelist: 445.
num_chunk_merges: 0.
num_chunk_splits: 286.
num_chunks_enlarged: 198.
num_inconsistent_stats: 0.

CodeHeap 'non-profiled nmethods': size=120000Kb used=1048Kb max_used=1048Kb free=118951Kb
 bounds [0x0000021a1dc70000, 0x0000021a1dee0000, 0x0000021a251a0000]
CodeHeap 'profiled nmethods': size=120000Kb used=5074Kb max_used=5074Kb free=114926Kb
 bounds [0x0000021a161a0000, 0x0000021a166a0000, 0x0000021a1d6d0000]
CodeHeap 'non-nmethods': size=5760Kb used=1214Kb max_used=1245Kb free=4545Kb
 bounds [0x0000021a1d6d0000, 0x0000021a1d940000, 0x0000021a1dc70000]
CodeCache: size=245760Kb, used=7336Kb, max_used=7367Kb, free=238422Kb
 total_blobs=2980, nmethods=2503, adapters=383, full_count=0
Compilation: enabled, stopped_count=0, restarted_count=0

Compilation events (20 events):
Event: 8.066 Thread 0x0000021a299d3be0 2269       3       java.util.stream.StreamOpFlag::fromCharacteristics (37 bytes)
Event: 8.066 Thread 0x0000021a299d3be0 nmethod 2269 0x0000021a16603590 code [0x0000021a16603760, 0x0000021a16603a80]
Event: 8.066 Thread 0x0000021a299d3be0 2270       3       java.util.stream.AbstractPipeline::<init> (55 bytes)
Event: 8.066 Thread 0x0000021a299d3be0 nmethod 2270 0x0000021a16603b90 code [0x0000021a16603d40, 0x0000021a16603f70]
Event: 8.066 Thread 0x0000021a299d3be0 2271       3       java.util.stream.StreamSupport::stream (19 bytes)
Event: 8.066 Thread 0x0000021a299d3be0 nmethod 2271 0x0000021a16604090 code [0x0000021a16604280, 0x0000021a166046b0]
Event: 8.066 Thread 0x0000021a299d3be0 2272       3       java.util.stream.ReferencePipeline$Head::<init> (8 bytes)
Event: 8.066 Thread 0x0000021a299d3be0 nmethod 2272 0x0000021a16604890 code [0x0000021a16604a40, 0x0000021a16604bd8]
Event: 8.066 Thread 0x0000021a299d3be0 2280       3       java.util.stream.AbstractPipeline::wrapSink (37 bytes)
Event: 8.067 Thread 0x0000021a299d3be0 nmethod 2280 0x0000021a16604c90 code [0x0000021a16604e60, 0x0000021a16605260]
Event: 8.067 Thread 0x0000021a299d3be0 2273       3       java.util.stream.StreamOpFlag::isKnown (19 bytes)
Event: 8.067 Thread 0x0000021a299d3be0 nmethod 2273 0x0000021a16605410 code [0x0000021a166055a0, 0x0000021a16605708]
Event: 8.067 Thread 0x0000021a299d3be0 2274       3       java.util.Spliterator::getExactSizeIfKnown (25 bytes)
Event: 8.067 Thread 0x0000021a299d3be0 nmethod 2274 0x0000021a16605790 code [0x0000021a16605960, 0x0000021a16605c50]
Event: 8.067 Thread 0x0000021a299d3be0 2275       3       java.util.stream.AbstractPipeline::sourceSpliterator (265 bytes)
Event: 8.068 Thread 0x0000021a299d3be0 nmethod 2275 0x0000021a16605d10 code [0x0000021a16605fa0, 0x0000021a16606e30]
Event: 8.068 Thread 0x0000021a299d3be0 2276       3       java.util.stream.Sink$ChainedReference::end (10 bytes)
Event: 8.068 Thread 0x0000021a299d3be0 nmethod 2276 0x0000021a16607390 code [0x0000021a16607540, 0x0000021a16607718]
Event: 8.068 Thread 0x0000021a299d3be0 2278       3       java.util.stream.ReferencePipeline::<init> (8 bytes)
Event: 8.068 Thread 0x0000021a299d3be0 nmethod 2278 0x0000021a16607810 code [0x0000021a166079c0, 0x0000021a16607af8]

GC Heap History (6 events):
Event: 1.432 GC heap before
{Heap before GC invocations=1 (full 0):
 PSYoungGen      total 29696K, used 25600K [0x00000000d5580000, 0x00000000d7680000, 0x0000000100000000)
  eden space 25600K, 100% used [0x00000000d5580000,0x00000000d6e80000,0x00000000d6e80000)
  from space 4096K, 0% used [0x00000000d7280000,0x00000000d7280000,0x00000000d7680000)
  to   space 4096K, 0% used [0x00000000d6e80000,0x00000000d6e80000,0x00000000d7280000)
 ParOldGen       total 68608K, used 0K [0x0000000080000000, 0x0000000084300000, 0x00000000d5580000)
  object space 68608K, 0% used [0x0000000080000000,0x0000000080000000,0x0000000084300000)
 Metaspace       used 4520K, committed 4800K, reserved 1114112K
  class space    used 493K, committed 576K, reserved 1048576K
}
Event: 1.437 GC heap after
{Heap after GC invocations=1 (full 0):
 PSYoungGen      total 29696K, used 3319K [0x00000000d5580000, 0x00000000d7680000, 0x0000000100000000)
  eden space 25600K, 0% used [0x00000000d5580000,0x00000000d5580000,0x00000000d6e80000)
  from space 4096K, 81% used [0x00000000d6e80000,0x00000000d71bde88,0x00000000d7280000)
  to   space 4096K, 0% used [0x00000000d7280000,0x00000000d7280000,0x00000000d7680000)
 ParOldGen       total 68608K, used 16K [0x0000000080000000, 0x0000000084300000, 0x00000000d5580000)
  object space 68608K, 0% used [0x0000000080000000,0x0000000080004000,0x0000000084300000)
 Metaspace       used 4520K, committed 4800K, reserved 1114112K
  class space    used 493K, committed 576K, reserved 1048576K
}
Event: 7.622 GC heap before
{Heap before GC invocations=2 (full 0):
 PSYoungGen      total 29696K, used 28919K [0x00000000d5580000, 0x00000000d7680000, 0x0000000100000000)
  eden space 25600K, 100% used [0x00000000d5580000,0x00000000d6e80000,0x00000000d6e80000)
  from space 4096K, 81% used [0x00000000d6e80000,0x00000000d71bde88,0x00000000d7280000)
  to   space 4096K, 0% used [0x00000000d7280000,0x00000000d7280000,0x00000000d7680000)
 ParOldGen       total 68608K, used 16K [0x0000000080000000, 0x0000000084300000, 0x00000000d5580000)
  object space 68608K, 0% used [0x0000000080000000,0x0000000080004000,0x0000000084300000)
 Metaspace       used 8377K, committed 8640K, reserved 1114112K
  class space    used 889K, committed 1024K, reserved 1048576K
}
Event: 7.625 GC heap after
{Heap after GC invocations=2 (full 0):
 PSYoungGen      total 29696K, used 4087K [0x00000000d5580000, 0x00000000d7680000, 0x0000000100000000)
  eden space 25600K, 0% used [0x00000000d5580000,0x00000000d5580000,0x00000000d6e80000)
  from space 4096K, 99% used [0x00000000d7280000,0x00000000d767de88,0x00000000d7680000)
  to   space 4096K, 0% used [0x00000000d6e80000,0x00000000d6e80000,0x00000000d7280000)
 ParOldGen       total 68608K, used 48K [0x0000000080000000, 0x0000000084300000, 0x00000000d5580000)
  object space 68608K, 0% used [0x0000000080000000,0x000000008000c000,0x0000000084300000)
 Metaspace       used 8377K, committed 8640K, reserved 1114112K
  class space    used 889K, committed 1024K, reserved 1048576K
}
Event: 8.004 GC heap before
{Heap before GC invocations=3 (full 0):
 PSYoungGen      total 29696K, used 29687K [0x00000000d5580000, 0x00000000d7680000, 0x0000000100000000)
  eden space 25600K, 100% used [0x00000000d5580000,0x00000000d6e80000,0x00000000d6e80000)
  from space 4096K, 99% used [0x00000000d7280000,0x00000000d767de88,0x00000000d7680000)
  to   space 4096K, 0% used [0x00000000d6e80000,0x00000000d6e80000,0x00000000d7280000)
 ParOldGen       total 68608K, used 48K [0x0000000080000000, 0x0000000084300000, 0x00000000d5580000)
  object space 68608K, 0% used [0x0000000080000000,0x000000008000c000,0x0000000084300000)
 Metaspace       used 8681K, committed 9088K, reserved 1114112K
  class space    used 898K, committed 1088K, reserved 1048576K
}
Event: 8.009 GC heap after
{Heap after GC invocations=3 (full 0):
 PSYoungGen      total 29696K, used 4073K [0x00000000d5580000, 0x00000000d7680000, 0x0000000100000000)
  eden space 25600K, 0% used [0x00000000d5580000,0x00000000d5580000,0x00000000d6e80000)
  from space 4096K, 99% used [0x00000000d6e80000,0x00000000d727a7f8,0x00000000d7280000)
  to   space 4096K, 0% used [0x00000000d7280000,0x00000000d7280000,0x00000000d7680000)
 ParOldGen       total 68608K, used 4309K [0x0000000080000000, 0x0000000084300000, 0x00000000d5580000)
  object space 68608K, 6% used [0x0000000080000000,0x00000000804357c0,0x0000000084300000)
 Metaspace       used 8681K, committed 9088K, reserved 1114112K
  class space    used 898K, committed 1088K, reserved 1048576K
}

Dll operation events (8 events):
Event: 0.156 Loaded shared library c:\Users\Usuario\.vscode\extensions\redhat.java-1.54.0-win32-x64\jre\21.0.10-win32-x86_64\bin\java.dll
Event: 0.387 Loaded shared library c:\Users\Usuario\.vscode\extensions\redhat.java-1.54.0-win32-x64\jre\21.0.10-win32-x86_64\bin\zip.dll
Event: 0.417 Loaded shared library C:\Users\Usuario\.vscode\extensions\redhat.java-1.54.0-win32-x64\jre\21.0.10-win32-x86_64\bin\instrument.dll
Event: 0.461 Loaded shared library C:\Users\Usuario\.vscode\extensions\redhat.java-1.54.0-win32-x64\jre\21.0.10-win32-x86_64\bin\net.dll
Event: 0.496 Loaded shared library C:\Users\Usuario\.vscode\extensions\redhat.java-1.54.0-win32-x64\jre\21.0.10-win32-x86_64\bin\nio.dll
Event: 0.499 Loaded shared library C:\Users\Usuario\.vscode\extensions\redhat.java-1.54.0-win32-x64\jre\21.0.10-win32-x86_64\bin\zip.dll
Event: 0.526 Loaded shared library C:\Users\Usuario\.vscode\extensions\redhat.java-1.54.0-win32-x64\jre\21.0.10-win32-x86_64\bin\jimage.dll
Event: 0.633 Loaded shared library c:\Users\Usuario\.vscode\extensions\redhat.java-1.54.0-win32-x64\jre\21.0.10-win32-x86_64\bin\verify.dll

Deoptimization events (20 events):
Event: 7.919 Thread 0x0000021a12f92a90 DEOPT PACKING pc=0x0000021a1655c9c9 sp=0x000000d95d8fe210
Event: 7.919 Thread 0x0000021a12f92a90 DEOPT UNPACKING pc=0x0000021a1d724242 sp=0x000000d95d8fd680 mode 0
Event: 7.919 Thread 0x0000021a12f92a90 DEOPT PACKING pc=0x0000021a1655c9c9 sp=0x000000d95d8fe210
Event: 7.919 Thread 0x0000021a12f92a90 DEOPT UNPACKING pc=0x0000021a1d724242 sp=0x000000d95d8fd680 mode 0
Event: 7.919 Thread 0x0000021a12f92a90 DEOPT PACKING pc=0x0000021a1655c9c9 sp=0x000000d95d8fe210
Event: 7.919 Thread 0x0000021a12f92a90 DEOPT UNPACKING pc=0x0000021a1d724242 sp=0x000000d95d8fd680 mode 0
Event: 7.921 Thread 0x0000021a12f92a90 DEOPT PACKING pc=0x0000021a1655c9c9 sp=0x000000d95d8fe210
Event: 7.921 Thread 0x0000021a12f92a90 DEOPT UNPACKING pc=0x0000021a1d724242 sp=0x000000d95d8fd680 mode 0
Event: 8.024 Thread 0x0000021a70adada0 Uncommon trap: trap_request=0xffffff45 fr.pc=0x0000021a1dcf8c68 relative=0x00000000000000c8
Event: 8.024 Thread 0x0000021a70adada0 Uncommon trap: reason=unstable_if action=reinterpret pc=0x0000021a1dcf8c68 method=java.util.concurrent.locks.AbstractQueuedSynchronizer.signalNext(Ljava/util/concurrent/locks/AbstractQueuedSynchronizer$Node;)V @ 1 c2
Event: 8.024 Thread 0x0000021a70adada0 DEOPT PACKING pc=0x0000021a1dcf8c68 sp=0x000000d95f6fe830
Event: 8.024 Thread 0x0000021a70adada0 DEOPT UNPACKING pc=0x0000021a1d723aa2 sp=0x000000d95f6fe700 mode 2
Event: 8.035 Thread 0x0000021a70adada0 Uncommon trap: trap_request=0xffffff3d fr.pc=0x0000021a1dd1368c relative=0x000000000000006c
Event: 8.035 Thread 0x0000021a70adada0 Uncommon trap: reason=unstable_fused_if action=reinterpret pc=0x0000021a1dd1368c method=java.lang.CharacterDataLatin1.equalsIgnoreCase(BB)Z @ 16 c2
Event: 8.035 Thread 0x0000021a70adada0 DEOPT PACKING pc=0x0000021a1dd1368c sp=0x000000d95f6fe110
Event: 8.035 Thread 0x0000021a70adada0 DEOPT UNPACKING pc=0x0000021a1d723aa2 sp=0x000000d95f6fe090 mode 2
Event: 8.049 Thread 0x0000021a70adada0 Uncommon trap: trap_request=0xffffff45 fr.pc=0x0000021a1dd6399c relative=0x00000000000000fc
Event: 8.049 Thread 0x0000021a70adada0 Uncommon trap: reason=unstable_if action=reinterpret pc=0x0000021a1dd6399c method=org.eclipse.osgi.internal.framework.FilterImpl$Parser.skipWhiteSpace()V @ 39 c2
Event: 8.049 Thread 0x0000021a70adada0 DEOPT PACKING pc=0x0000021a1dd6399c sp=0x000000d95f6fe440
Event: 8.050 Thread 0x0000021a70adada0 DEOPT UNPACKING pc=0x0000021a1d723aa2 sp=0x000000d95f6fe3e0 mode 2

Classes loaded (20 events):
Event: 1.988 Loading class javax/xml/parsers/ParserConfigurationException
Event: 1.990 Loading class javax/xml/parsers/ParserConfigurationException done
Event: 1.993 Loading class java/security/KeyStoreException
Event: 1.993 Loading class java/security/KeyStoreException done
Event: 1.997 Loading class java/lang/Thread$Builder$OfPlatform
Event: 1.998 Loading class java/lang/Thread$Builder
Event: 1.998 Loading class java/lang/Thread$Builder done
Event: 1.998 Loading class java/lang/Thread$Builder$OfPlatform done
Event: 1.998 Loading class java/lang/Thread$Builder$OfVirtual
Event: 1.998 Loading class java/lang/Thread$Builder$OfVirtual done
Event: 7.621 Loading class java/util/MissingResourceException
Event: 7.621 Loading class java/util/MissingResourceException done
Event: 8.014 Loading class java/util/ArrayList$ListItr
Event: 8.014 Loading class java/util/ArrayList$ListItr done
Event: 8.019 Loading class java/util/Collections$ReverseComparator
Event: 8.019 Loading class java/util/Collections$ReverseComparator done
Event: 8.019 Loading class java/util/Comparators$NaturalOrderComparator
Event: 8.019 Loading class java/util/Comparators$NaturalOrderComparator done
Event: 8.019 Loading class java/util/Collections$ReverseComparator2
Event: 8.019 Loading class java/util/Collections$ReverseComparator2 done

Classes unloaded (0 events):
No events

Classes redefined (0 events):
No events

Internal exceptions (20 events):
Event: 1.443 Thread 0x0000021a12f92a90 Exception <a 'java/lang/ClassNotFoundException'{0x00000000d55bdaa0}: sun/net/www/protocol/c/Handler> (0x00000000d55bdaa0) 
thrown [s\src\hotspot\share\classfile\systemDictionary.cpp, line 312]
Event: 1.443 Thread 0x0000021a12f92a90 Exception <a 'java/lang/ClassNotFoundException'{0x00000000d55bee78}: sun/net/www/protocol/c/Handler> (0x00000000d55bee78) 
thrown [s\src\hotspot\share\classfile\systemDictionary.cpp, line 312]
Event: 1.443 Thread 0x0000021a12f92a90 Exception <a 'java/lang/ClassNotFoundException'{0x00000000d55c00b0}: sun/net/www/protocol/c/Handler> (0x00000000d55c00b0) 
thrown [s\src\hotspot\share\classfile\systemDictionary.cpp, line 312]
Event: 1.450 Thread 0x0000021a12f92a90 Exception <a 'java/io/FileNotFoundException'{0x00000000d55f1cd0}> (0x00000000d55f1cd0) 
thrown [s\src\hotspot\share\prims\jni.cpp, line 520]
Event: 1.479 Thread 0x0000021a12f92a90 Implicit null exception at 0x0000021a1dce8a49 to 0x0000021a1dce9554
Event: 1.479 Thread 0x0000021a12f92a90 Implicit null exception at 0x0000021a1dce4e1a to 0x0000021a1dce503c
Event: 1.479 Thread 0x0000021a12f92a90 Exception <a 'java/lang/NoSuchMethodError'{0x00000000d5722500}: 'void java.lang.invoke.DirectMethodHandle$Holder.invokeStatic(java.lang.Object, java.lang.Object, java.lang.Object, java.lang.Object)'> (0x00000000d5722500) 
thrown [s\src\hotspot\share\interpreter\linkResolver.cpp, line 773]
Event: 1.480 Thread 0x0000021a12f92a90 Implicit null exception at 0x0000021a1dcd7d40 to 0x0000021a1dcd8014
Event: 1.480 Thread 0x0000021a12f92a90 Implicit null exception at 0x0000021a1dcd7140 to 0x0000021a1dcd71c5
Event: 1.563 Thread 0x0000021a12f92a90 Exception <a 'java/lang/NoSuchMethodError'{0x00000000d5b63bb0}: 'int java.lang.invoke.DirectMethodHandle$Holder.invokeVirtual(java.lang.Object, java.lang.Object)'> (0x00000000d5b63bb0) 
thrown [s\src\hotspot\share\interpreter\linkResolver.cpp, line 773]
Event: 1.804 Thread 0x0000021a12f92a90 Exception <a 'java/lang/IncompatibleClassChangeError'{0x00000000d652d8b0}: Found class java.lang.Object, but interface was expected> (0x00000000d652d8b0) 
thrown [s\src\hotspot\share\interpreter\linkResolver.cpp, line 840]
Event: 1.805 Thread 0x0000021a12f92a90 Exception <a 'java/lang/NoSuchMethodError'{0x00000000d6636650}: 'void java.lang.invoke.DirectMethodHandle$Holder.invokeInterface(java.lang.Object, java.lang.Object, java.lang.Object)'> (0x00000000d6636650) 
thrown [s\src\hotspot\share\interpreter\linkResolver.cpp, line 773]
Event: 1.837 Thread 0x0000021a12f92a90 Exception <a 'java/lang/NoSuchMethodError'{0x00000000d67a9a18}: 'int java.lang.invoke.DirectMethodHandle$Holder.invokeStaticInit(java.lang.Object, java.lang.Object, java.lang.Object, java.lang.Object)'> (0x00000000d67a9a18) 
thrown [s\src\hotspot\share\interpreter\linkResolver.cpp, line 773]
Event: 1.840 Thread 0x0000021a12f92a90 Exception <a 'java/lang/NoSuchMethodError'{0x00000000d67b3fe8}: 'void java.lang.invoke.DirectMethodHandle$Holder.invokeStaticInit(java.lang.Object, java.lang.Object)'> (0x00000000d67b3fe8) 
thrown [s\src\hotspot\share\interpreter\linkResolver.cpp, line 773]
Event: 1.840 Thread 0x0000021a12f92a90 Exception <a 'java/lang/NoSuchMethodError'{0x00000000d67b9438}: 'int java.lang.invoke.DirectMethodHandle$Holder.invokeStaticInit(java.lang.Object, java.lang.Object)'> (0x00000000d67b9438) 
thrown [s\src\hotspot\share\interpreter\linkResolver.cpp, line 773]
Event: 1.906 Thread 0x0000021a12f92a90 Exception <a 'java/lang/NoSuchMethodError'{0x00000000d69a2420}: 'java.lang.Object java.lang.invoke.DirectMethodHandle$Holder.newInvokeSpecial(java.lang.Object, int, java.lang.Object)'> (0x00000000d69a2420) 
thrown [s\src\hotspot\share\interpreter\linkResolver.cpp, line 773]
Event: 1.964 Thread 0x0000021a12f92a90 Exception <a 'java/lang/ClassNotFoundException'{0x00000000d6b1f1e8}: sun/net/www/protocol/plurl/Handler> (0x00000000d6b1f1e8) 
thrown [s\src\hotspot\share\classfile\systemDictionary.cpp, line 312]
Event: 1.964 Thread 0x0000021a12f92a90 Exception <a 'java/lang/ClassNotFoundException'{0x00000000d6b20068}: sun/net/www/protocol/plurl/Handler> (0x00000000d6b20068) 
thrown [s\src\hotspot\share\classfile\systemDictionary.cpp, line 312]
Event: 1.975 Thread 0x0000021a12f92a90 Exception <a 'java/lang/NoSuchMethodError'{0x00000000d6b60178}: 'void java.lang.invoke.DirectMethodHandle$Holder.invokeSpecial(java.lang.Object, java.lang.Object, java.lang.Object)'> (0x00000000d6b60178) 
thrown [s\src\hotspot\share\interpreter\linkResolver.cpp, line 773]
Event: 8.004 Thread 0x0000021a12f92a90 Exception <a 'java/lang/UnsatisfiedLinkError'{0x00000000d6e30198}: 'void org.eclipse.equinox.launcher.JNIBridge._update_splash()'> (0x00000000d6e30198) 
thrown [s\src\hotspot\share\prims\nativeLookup.cpp, line 415]

ZGC Phase Switch (0 events):
No events

VM Operations (20 events):
Event: 1.414 Executing safepoint VM operation: ICBufferFull
Event: 1.414 Executing safepoint VM operation: ICBufferFull done
Event: 1.424 Executing non-safepoint VM operation: HandshakeAllThreads (Deoptimize)
Event: 1.424 Executing non-safepoint VM operation: HandshakeAllThreads (Deoptimize) done
Event: 1.432 Executing safepoint VM operation: ParallelGCFailedAllocation (Allocation Failure)
Event: 1.437 Executing safepoint VM operation: ParallelGCFailedAllocation (Allocation Failure) done
Event: 1.860 Executing non-safepoint VM operation: HandshakeAllThreads (Deoptimize)
Event: 1.860 Executing non-safepoint VM operation: HandshakeAllThreads (Deoptimize) done
Event: 1.959 Executing non-safepoint VM operation: HandshakeAllThreads (Deoptimize)
Event: 1.959 Executing non-safepoint VM operation: HandshakeAllThreads (Deoptimize) done
Event: 2.974 Executing safepoint VM operation: Cleanup
Event: 2.974 Executing safepoint VM operation: Cleanup done
Event: 7.622 Executing safepoint VM operation: ParallelGCFailedAllocation (Allocation Failure)
Event: 7.625 Executing safepoint VM operation: ParallelGCFailedAllocation (Allocation Failure) done
Event: 8.004 Executing safepoint VM operation: ParallelGCFailedAllocation (Allocation Failure)
Event: 8.009 Executing safepoint VM operation: ParallelGCFailedAllocation (Allocation Failure) done
Event: 8.014 Executing non-safepoint VM operation: HandshakeAllThreads (Deoptimize)
Event: 8.014 Executing non-safepoint VM operation: HandshakeAllThreads (Deoptimize) done
Event: 8.059 Executing non-safepoint VM operation: HandshakeAllThreads (Deoptimize)
Event: 8.059 Executing non-safepoint VM operation: HandshakeAllThreads (Deoptimize) done

Memory protections (0 events):
No events

Nmethod flushes (0 events):
No events

Events (20 events):
Event: 0.320 Thread 0x0000021a12f92a90 Thread added: 0x0000021a299c8570
Event: 0.320 Thread 0x0000021a12f92a90 Thread added: 0x0000021a299d3be0
Event: 0.393 Thread 0x0000021a299d3be0 Thread added: 0x0000021a700880b0
Event: 0.419 Thread 0x0000021a12f92a90 Thread added: 0x0000021a701c9cd0
Event: 0.524 Thread 0x0000021a700880b0 Thread exited: 0x0000021a700880b0
Event: 0.600 Thread 0x0000021a299c8570 Thread added: 0x0000021a701de0c0
Event: 0.735 Thread 0x0000021a12f92a90 Thread added: 0x0000021a702c0500
Event: 1.794 Thread 0x0000021a12f92a90 Thread added: 0x0000021a707f9820
Event: 1.795 Thread 0x0000021a707f9820 Thread added: 0x0000021a70b3bcf0
Event: 1.799 Thread 0x0000021a12f92a90 Thread added: 0x0000021a70b3c360
Event: 1.801 Thread 0x0000021a12f92a90 Thread added: 0x0000021a70b3f8f0
Event: 1.801 Thread 0x0000021a12f92a90 Thread added: 0x0000021a70bd1970
Event: 1.803 Thread 0x0000021a12f92a90 Thread added: 0x0000021a70bd3ff0
Event: 1.848 Thread 0x0000021a12f92a90 Thread added: 0x0000021a70b950b0
Event: 1.954 Thread 0x0000021a701de0c0 Thread exited: 0x0000021a701de0c0
Event: 7.620 Thread 0x0000021a12f92a90 Thread added: 0x0000021a70ada710
Event: 7.621 Thread 0x0000021a12f92a90 Thread added: 0x0000021a70ad99f0
Event: 7.637 Thread 0x0000021a299d3be0 Thread added: 0x0000021a7082f340
Event: 7.968 Thread 0x0000021a12f92a90 Thread added: 0x0000021a70ada080
Event: 8.003 Thread 0x0000021a12f92a90 Thread added: 0x0000021a70adada0


Dynamic libraries:
0x00007ff7a8910000 - 0x00007ff7a891e000 	c:\Users\Usuario\.vscode\extensions\redhat.java-1.54.0-win32-x64\jre\21.0.10-win32-x86_64\bin\java.exe
0x00007ffc3c2f0000 - 0x00007ffc3c4e8000 	C:\WINDOWS\SYSTEM32\ntdll.dll
0x00007ffc3a560000 - 0x00007ffc3a622000 	C:\WINDOWS\System32\KERNEL32.DLL
0x00007ffc39fe0000 - 0x00007ffc3a2d6000 	C:\WINDOWS\System32\KERNELBASE.dll
0x00007ffc39ad0000 - 0x00007ffc39bd0000 	C:\WINDOWS\System32\ucrtbase.dll
0x00007ffc1a2c0000 - 0x00007ffc1a2de000 	c:\Users\Usuario\.vscode\extensions\redhat.java-1.54.0-win32-x64\jre\21.0.10-win32-x86_64\bin\VCRUNTIME140.dll
0x00007ffc17f20000 - 0x00007ffc17f38000 	c:\Users\Usuario\.vscode\extensions\redhat.java-1.54.0-win32-x64\jre\21.0.10-win32-x86_64\bin\jli.dll
0x00007ffc3a6e0000 - 0x00007ffc3a881000 	C:\WINDOWS\System32\USER32.dll
0x00007ffc3a2e0000 - 0x00007ffc3a302000 	C:\WINDOWS\System32\win32u.dll
0x00007ffc3c280000 - 0x00007ffc3c2ab000 	C:\WINDOWS\System32\GDI32.dll
0x00007ffc39e70000 - 0x00007ffc39f89000 	C:\WINDOWS\System32\gdi32full.dll
0x00007ffc39980000 - 0x00007ffc39a1d000 	C:\WINDOWS\System32\msvcp_win.dll
0x00007ffc1d8f0000 - 0x00007ffc1db8b000 	C:\WINDOWS\WinSxS\amd64_microsoft.windows.common-controls_6595b64144ccf1df_6.0.19041.6456_none_60b8a6cb71f64256\COMCTL32.dll
0x00007ffc3c1e0000 - 0x00007ffc3c27e000 	C:\WINDOWS\System32\msvcrt.dll
0x00007ffc3be50000 - 0x00007ffc3be7f000 	C:\WINDOWS\System32\IMM32.DLL
0x00007ffc1e330000 - 0x00007ffc1e33c000 	c:\Users\Usuario\.vscode\extensions\redhat.java-1.54.0-win32-x64\jre\21.0.10-win32-x86_64\bin\vcruntime140_1.dll
0x00007ffc0b670000 - 0x00007ffc0b6fd000 	c:\Users\Usuario\.vscode\extensions\redhat.java-1.54.0-win32-x64\jre\21.0.10-win32-x86_64\bin\msvcp140.dll
0x00007ffb77ef0000 - 0x00007ffb78c91000 	c:\Users\Usuario\.vscode\extensions\redhat.java-1.54.0-win32-x64\jre\21.0.10-win32-x86_64\bin\server\jvm.dll
0x00007ffc3bcb0000 - 0x00007ffc3bd61000 	C:\WINDOWS\System32\ADVAPI32.dll
0x00007ffc3bc10000 - 0x00007ffc3bcaf000 	C:\WINDOWS\System32\sechost.dll
0x00007ffc3a8b0000 - 0x00007ffc3a9d0000 	C:\WINDOWS\System32\RPCRT4.dll
0x00007ffc39c60000 - 0x00007ffc39c87000 	C:\WINDOWS\System32\bcrypt.dll
0x00007ffc3bb90000 - 0x00007ffc3bbfb000 	C:\WINDOWS\System32\WS2_32.dll
0x00007ffc38f10000 - 0x00007ffc38f5b000 	C:\WINDOWS\SYSTEM32\POWRPROF.dll
0x00007ffc32d00000 - 0x00007ffc32d0a000 	C:\WINDOWS\SYSTEM32\VERSION.dll
0x00007ffc2e500000 - 0x00007ffc2e527000 	C:\WINDOWS\SYSTEM32\WINMM.dll
0x00007ffc38d80000 - 0x00007ffc38d92000 	C:\WINDOWS\SYSTEM32\UMPDC.dll
0x00007ffc381b0000 - 0x00007ffc381c2000 	C:\WINDOWS\SYSTEM32\kernel.appcore.dll
0x00007ffc1df30000 - 0x00007ffc1df3a000 	c:\Users\Usuario\.vscode\extensions\redhat.java-1.54.0-win32-x64\jre\21.0.10-win32-x86_64\bin\jimage.dll
0x00007ffc377c0000 - 0x00007ffc379c1000 	C:\WINDOWS\SYSTEM32\DBGHELP.DLL
0x00007ffc17f40000 - 0x00007ffc17f74000 	C:\WINDOWS\SYSTEM32\dbgcore.DLL
0x00007ffc39bd0000 - 0x00007ffc39c52000 	C:\WINDOWS\System32\bcryptPrimitives.dll
0x00007ffc1c4a0000 - 0x00007ffc1c4af000 	c:\Users\Usuario\.vscode\extensions\redhat.java-1.54.0-win32-x64\jre\21.0.10-win32-x86_64\bin\instrument.dll
0x00007ffc163d0000 - 0x00007ffc163f0000 	c:\Users\Usuario\.vscode\extensions\redhat.java-1.54.0-win32-x64\jre\21.0.10-win32-x86_64\bin\java.dll
0x00007ffc3b0e0000 - 0x00007ffc3b850000 	C:\WINDOWS\System32\SHELL32.dll
0x00007ffc379f0000 - 0x00007ffc38195000 	C:\WINDOWS\SYSTEM32\windows.storage.dll
0x00007ffc3be80000 - 0x00007ffc3c1d4000 	C:\WINDOWS\System32\combase.dll
0x00007ffc393b0000 - 0x00007ffc393db000 	C:\WINDOWS\SYSTEM32\Wldp.dll
0x00007ffc3aa30000 - 0x00007ffc3aafd000 	C:\WINDOWS\System32\OLEAUT32.dll
0x00007ffc3a310000 - 0x00007ffc3a3bd000 	C:\WINDOWS\System32\SHCORE.dll
0x00007ffc3abb0000 - 0x00007ffc3ac0b000 	C:\WINDOWS\System32\shlwapi.dll
0x00007ffc398b0000 - 0x00007ffc398d4000 	C:\WINDOWS\SYSTEM32\profapi.dll
0x00007ffc10e40000 - 0x00007ffc10e58000 	c:\Users\Usuario\.vscode\extensions\redhat.java-1.54.0-win32-x64\jre\21.0.10-win32-x86_64\bin\zip.dll
0x00007ffc30fe0000 - 0x00007ffc30ff0000 	C:\Users\Usuario\.vscode\extensions\redhat.java-1.54.0-win32-x64\jre\21.0.10-win32-x86_64\bin\net.dll
0x00007ffc32120000 - 0x00007ffc3222a000 	C:\WINDOWS\SYSTEM32\WINHTTP.dll
0x00007ffc39110000 - 0x00007ffc3917a000 	C:\WINDOWS\system32\mswsock.dll
0x00007ffc0dd10000 - 0x00007ffc0dd26000 	C:\Users\Usuario\.vscode\extensions\redhat.java-1.54.0-win32-x64\jre\21.0.10-win32-x86_64\bin\nio.dll
0x00007ffc1c460000 - 0x00007ffc1c470000 	c:\Users\Usuario\.vscode\extensions\redhat.java-1.54.0-win32-x64\jre\21.0.10-win32-x86_64\bin\verify.dll
0x00007ffbf46d0000 - 0x00007ffbf4715000 	C:\Users\Usuario\AppData\Roaming\Code\User\globalStorage\redhat.java\1.54.0\config_win\org.eclipse.equinox.launcher\org.eclipse.equinox.launcher.win32.win32.x86_64_1.3.0.v20260203-2149\eclipse_11919.dll
0x00007ffc3ba60000 - 0x00007ffc3bb8b000 	C:\WINDOWS\System32\ole32.dll

JVMTI agents:
c:\Users\Usuario\.vscode\extensions\redhat.java-1.54.0-win32-x64\lombok\lombok-1.18.39-4050.jar path:c:\Users\Usuario\.vscode\extensions\redhat.java-1.54.0-win32-x64\jre\21.0.10-win32-x86_64\bin\instrument.dll, loaded, initialized, instrumentlib options:none

dbghelp: loaded successfully - version: 4.0.5 - missing functions: none
symbol engine: initialized successfully - sym options: 0x614 - pdb path: .;c:\Users\Usuario\.vscode\extensions\redhat.java-1.54.0-win32-x64\jre\21.0.10-win32-x86_64\bin;C:\WINDOWS\SYSTEM32;C:\WINDOWS\WinSxS\amd64_microsoft.windows.common-controls_6595b64144ccf1df_6.0.19041.6456_none_60b8a6cb71f64256;c:\Users\Usuario\.vscode\extensions\redhat.java-1.54.0-win32-x64\jre\21.0.10-win32-x86_64\bin\server;C:\Users\Usuario\AppData\Roaming\Code\User\globalStorage\redhat.java\1.54.0\config_win\org.eclipse.equinox.launcher\org.eclipse.equinox.launcher.win32.win32.x86_64_1.3.0.v20260203-2149

VM Arguments:
jvm_args: --add-modules=ALL-SYSTEM --add-opens=java.base/java.util=ALL-UNNAMED --add-opens=java.base/java.lang=ALL-UNNAMED --add-opens=java.base/sun.nio.fs=ALL-UNNAMED -Declipse.application=org.eclipse.jdt.ls.core.id1 -Dosgi.bundles.defaultStartLevel=4 -Declipse.product=org.eclipse.jdt.ls.core.product -Djava.import.generatesMetadataFilesAtProjectRoot=false -DDetectVMInstallationsJob.disabled=true -Dfile.encoding=utf8 -XX:+UseParallelGC -XX:GCTimeRatio=4 -XX:AdaptiveSizePolicyWeight=90 -Dsun.zip.disableMemoryMapping=true -Xmx2G -Xms100m -Xlog:disable -javaagent:c:\Users\Usuario\.vscode\extensions\redhat.java-1.54.0-win32-x64\lombok\lombok-1.18.39-4050.jar -XX:+HeapDumpOnOutOfMemoryError -XX:HeapDumpPath=c:\Users\Usuario\AppData\Roaming\Code\User\workspaceStorage\e9bfd40476b159c0453933f2d2e6fc5e\redhat.java -Daether.dependencyCollector.impl=bf 
java_command: c:\Users\Usuario\.vscode\extensions\redhat.java-1.54.0-win32-x64\server\plugins\org.eclipse.equinox.launcher_1.7.100.v20251111-0406.jar -configuration c:\Users\Usuario\AppData\Roaming\Code\User\globalStorage\redhat.java\1.54.0\config_win -data c:\Users\Usuario\AppData\Roaming\Code\User\workspaceStorage\e9bfd40476b159c0453933f2d2e6fc5e\redhat.java\jdt_ws --pipe=\\.\pipe\lsp-0b48cf8165758134de8a636e2b24a58a-sock
java_class_path (initial): c:\Users\Usuario\.vscode\extensions\redhat.java-1.54.0-win32-x64\server\plugins\org.eclipse.equinox.launcher_1.7.100.v20251111-0406.jar
Launcher Type: SUN_STANDARD

[Global flags]
    uintx AdaptiveSizePolicyWeight                 = 90                                        {product} {command line}
     intx CICompilerCount                          = 3                                         {product} {ergonomic}
    uintx GCTimeRatio                              = 4                                         {product} {command line}
     bool HeapDumpOnOutOfMemoryError               = true                                   {manageable} {command line}
    ccstr HeapDumpPath                             = c:\Users\Usuario\AppData\Roaming\Code\User\workspaceStorage\e9bfd40476b159c0453933f2d2e6fc5e\redhat.java         {manageable} {command line}
   size_t InitialHeapSize                          = 104857600                                 {product} {command line}
   size_t MaxHeapSize                              = 2147483648                                {product} {command line}
   size_t MaxNewSize                               = 715653120                                 {product} {ergonomic}
   size_t MinHeapDeltaBytes                        = 524288                                    {product} {ergonomic}
   size_t MinHeapSize                              = 104857600                                 {product} {command line}
   size_t NewSize                                  = 34603008                                  {product} {ergonomic}
    uintx NonNMethodCodeHeapSize                   = 5832780                                {pd product} {ergonomic}
    uintx NonProfiledCodeHeapSize                  = 122912730                              {pd product} {ergonomic}
   size_t OldSize                                  = 70254592                                  {product} {ergonomic}
    uintx ProfiledCodeHeapSize                     = 122912730                              {pd product} {ergonomic}
    uintx ReservedCodeCacheSize                    = 251658240                              {pd product} {ergonomic}
     bool SegmentedCodeCache                       = true                                      {product} {ergonomic}
   size_t SoftMaxHeapSize                          = 2147483648                             {manageable} {ergonomic}
     bool UseCompressedOops                        = true                           {product lp64_product} {ergonomic}
     bool UseLargePagesIndividualAllocation        = false                                  {pd product} {ergonomic}
     bool UseParallelGC                            = true                                      {product} {command line}

Logging:
Log output configuration:
 #0: stdout all=off uptime,level,tags foldmultilines=false
 #1: stderr all=off uptime,level,tags foldmultilines=false

Release file:
JAVA_VERSION="21.0.10" 
MODULES="java.base java.compiler java.datatransfer java.xml java.prefs java.desktop java.instrument java.logging java.management java.security.sasl java.naming java.rmi java.management.rmi java.net.http java.scripting java.security.jgss java.transaction.xa java.sql java.sql.rowset java.xml.crypto java.se java.smartcardio jdk.accessibility jdk.internal.jvmstat jdk.attach jdk.charsets jdk.internal.opt jdk.zipfs jdk.compiler jdk.crypto.ec jdk.crypto.cryptoki jdk.crypto.mscapi jdk.dynalink jdk.internal.ed jdk.editpad jdk.hotspot.agent jdk.httpserver jdk.internal.le jdk.internal.vm.ci jdk.internal.vm.compiler jdk.internal.vm.compiler.management jdk.jartool jdk.javadoc jdk.jcmd jdk.management jdk.management.agent jdk.jconsole jdk.jdeps jdk.jdwp.agent jdk.jdi jdk.jfr jdk.jshell jdk.jsobject jdk.jstatd jdk.localedata jdk.management.jfr jdk.naming.dns jdk.naming.rmi jdk.net jdk.nio.mapmode jdk.random jdk.sctp jdk.security.auth jdk.security.jgss jdk.unsupported jdk.unsupported.desktop jdk.xml.dom" 

Environment Variables:
JAVA_HOME=C:\Program Files\Java\jdk-26
PATH=C:\Users\Usuario\AppData\Local\Programs\Microsoft VS Code;C:\Program Files\Common Files\Oracle\Java\javapath;C:\Program Files (x86)\Common Files\Oracle\Java\java8path;C:\Program Files (x86)\Common Files\Oracle\Java\javapath;C:\Program Files (x86)\Common Files\Intel\Shared Libraries\redist\intel64\compiler;C:\Windows\system32;C:\Windows;C:\Windows\System32\Wbem;C:\Windows\System32\WindowsPowerShell\v1.0\;C:\Windows\System32\OpenSSH\;C:\Program Files (x86)\NVIDIA Corporation\PhysX\Common;C:\WINDOWS\system32;C:\WINDOWS;C:\WINDOWS\System32\Wbem;C:\WINDOWS\System32\WindowsPowerShell\v1.0\;C:\WINDOWS\System32\OpenSSH\;C:\Program Files\Java\jdk-22\bin;C:\Program Files\NVIDIA Corporation\NVIDIA app\NvDLISR;C:\Program Files\Java\jdk-26\bin;C:\Users\Usuario\AppData\Local\Python\pythoncore-3.14-64;C:\Users\Usuario\AppData\Local\Python\pythoncore-3.14-64\Scripts;C:\Program Files\Git\cmd;C:\Users\Usuario\.local\bin;C:\Users\Usuario\AppData\Local\Microsoft\WindowsApps;C:\AppServ\Apache24\bin;C:\AppServ\php7;C:\AppServ\MySQL\bin;C:\Users\Usuario\AppData\Local\Python\bin;C:\Users\Usuario\AppData\Local\Programs\Microsoft VS Code\bin
USERNAME=Usuario
OS=Windows_NT
PROCESSOR_IDENTIFIER=Intel64 Family 6 Model 158 Stepping 10, GenuineIntel
TMP=C:\Users\Usuario\AppData\Local\Temp
TEMP=C:\Users\Usuario\AppData\Local\Temp




Periodic native trim disabled

---------------  S Y S T E M  ---------------

OS:
 Windows 10 , 64 bit Build 19041 (10.0.19041.5915)
OS uptime: 0 days 11:44 hours

CPU: total 6 (initial active 6) (6 cores per cpu, 1 threads per core) family 6 model 158 stepping 10 microcode 0xb4, cx8, cmov, fxsr, mmx, 3dnowpref, sse, sse2, sse3, ssse3, sse4.1, sse4.2, popcnt, lzcnt, tsc, tscinvbit, avx, avx2, aes, erms, clmul, bmi1, bmi2, adx, fma, vzeroupper, clflush, clflushopt, rdtscp, f16c
Processor Information for the first 6 processors :
  Max Mhz: 2904, Current Mhz: 2904, Mhz Limit: 2904

Memory: 4k page, system-wide physical 16319M (2460M free)
TotalPageFile size 22189M (AvailPageFile size 1M)
current process WorkingSet (physical memory assigned to process): 110M, peak: 110M
current process commit charge ("private bytes"): 247M, peak: 247M

vm_info: OpenJDK 64-Bit Server VM (21.0.10+7-LTS) for windows-amd64 JRE (21.0.10+7-LTS), built on 2026-01-20T00:00:00Z by "admin" with MS VC++ 17.12 (VS2022)

END.
